{"timestamp": 1773154342.085012, "time": "2026-03-10 19:52:22", "action": "security", "success": false, "command": "ls |   rm -rf /", "details": {"event": "blocked_command", "blocked": true}}
{"timestamp": 1773154342.0862408, "time": "2026-03-10 19:52:22", "action": "security", "success": false, "command": ":() { : | : & } ; :", "details": {"event": "dangerous_pattern", "blocked": true}}
{"timestamp": 1773154516.7841468, "time": "2026-03-10 19:55:16", "action": "security", "success": false, "command": "ls |   rm -rf /", "details": {"event": "blocked_command", "blocked": true}}
{"timestamp": 1773154516.786078, "time": "2026-03-10 19:55:16", "action": "security", "success": false, "command": ":() { : | : & } ; :", "details": {"event": "dangerous_pattern", "blocked": true}}
{"timestamp": 1773167576.3746867, "time": "2026-03-10 23:32:56", "action": "security", "success": false, "command": "ls |   rm -rf /", "details": {"event": "blocked_command", "blocked": true}}
{"timestamp": 1773167576.3758304, "time": "2026-03-10 23:32:56", "action": "security", "success": false, "command": ":() { : | : & } ; :", "details": {"event": "dangerous_pattern", "blocked": true}}
{"timestamp": 1773213831.0217676, "time": "2026-03-11 12:23:51", "action": "security", "success": false, "command": "ls |   rm -rf /", "details": {"event": "blocked_command", "blocked": true}}
{"timestamp": 1773213831.0233634, "time": "2026-03-11 12:23:51", "action": "security", "success": false, "command": ":() { : | : & } ; :", "details": {"event": "dangerous_pattern", "blocked": true}}
{"timestamp": 1773213944.2332387, "time": "2026-03-11 12:25:44", "action": "security", "success": false, "command": "ls |   rm -rf /", "details": {"event": "blocked_command", "blocked": true}}
{"timestamp": 1773213944.2345884, "time": "2026-03-11 12:25:44", "action": "security", "success": false, "command": ":() { : | : & } ; :", "details": {"event": "dangerous_pattern", "blocked": true}}
{"timestamp": 1773216847.2341278, "time": "2026-03-11 13:14:07", "action": "security", "success": false, "command": "ls |   rm -rf /", "details": {"event": "blocked_command", "blocked": true}}
{"timestamp": 1773216847.2361279, "time": "2026-03-11 13:14:07", "action": "security", "success": false, "command": ":() { : | : & } ; :", "details": {"event": "dangerous_pattern", "blocked": true}}
{"timestamp": 1773217455.611298, "time": "2026-03-11 13:24:15", "action": "security", "success": false, "command": "ls |   rm -rf /", "details": {"event": "blocked_command", "blocked": true}}
{"timestamp": 1773217455.613112, "time": "2026-03-11 13:24:15", "action": "security", "success": false, "command": ":() { : | : & } ; :", "details": {"event": "dangerous_pattern", "blocked": true}}
{"timestamp": 1773217891.0145605, "time": "2026-03-11 13:31:31", "action": "security", "success": false, "command": "ls |   rm -rf /", "details": {"event": "blocked_command", "blocked": true}}
{"timestamp": 1773217891.0159428, "time": "2026-03-11 13:31:31", "action": "security", "success": false, "command": ":() { : | : & } ; :", "details": {"event": "dangerous_pattern", "blocked": true}}
{"timestamp": 1773218978.0605814, "time": "2026-03-11 13:49:38", "action": "security", "success": false, "command": "ls |   rm -rf /", "details": {"event": "blocked_command", "blocked": true}}
{"timestamp": 1773218978.0624723, "time": "2026-03-11 13:49:38", "action": "security", "success": false, "command": ":() { : | : & } ; :", "details": {"event": "dangerous_pattern", "blocked": true}}
{"timestamp": 1773219652.0515516, "time": "2026-03-11 14:00:52", "action": "security", "success": false, "command": "ls |   rm -rf /", "details": {"event": "blocked_command", "blocked": true}}
{"timestamp": 1773219652.0530565, "time": "2026-03-11 14:00:52", "action": "security", "success": false, "command": ":() { : | : & } ; :", "details": {"event": "dangerous_pattern", "blocked": true}}
{"timestamp": 1773222723.7729478, "time": "2026-03-11 14:52:03", "action": "security", "success": false, "command": "ls |   rm -rf /", "details": {"event": "blocked_command", "blocked": true}}
{"timestamp": 1773222723.774497, "time": "2026-03-11 14:52:03", "action": "security", "success": false, "command": ":() { : | : & } ; :", "details": {"event": "dangerous_pattern", "blocked": true}}
{"timestamp": 1773223411.610341, "time": "2026-03-11 15:03:31", "action": "security", "success": false, "command": "ls |   rm -rf /", "details": {"event": "blocked_command", "blocked": true}}
{"timestamp": 1773223411.6115315, "time": "2026-03-11 15:03:31", "action": "security", "success": false, "command": ":() { : | : & } ; :", "details": {"event": "dangerous_pattern", "blocked": true}}
{"timestamp": 1773228096.5848544, "time": "2026-03-11 16:21:36", "action": "security", "success": false, "command": "ls |   rm -rf /", "details": {"event": "blocked_command", "blocked": true}}
{"timestamp": 1773228096.5857036, "time": "2026-03-11 16:21:36", "action": "security", "success": false, "command": ":() { : | : & } ; :", "details": {"event": "dangerous_pattern", "blocked": true}}
{"timestamp": 1773228466.442741, "time": "2026-03-11 16:27:46", "action": "security", "success": false, "command": "ls |   rm -rf /", "details": {"event": "blocked_command", "blocked": true}}
{"timestamp": 1773228466.4438667, "time": "2026-03-11 16:27:46", "action": "security", "success": false, "command": ":() { : | : & } ; :", "details": {"event": "dangerous_pattern", "blocked": true}}
{"timestamp": 1773228466.602745, "time": "2026-03-11 16:27:46", "action": "security", "success": false, "command": "ls |   rm -rf /", "details": {"event": "blocked_command", "blocked": true}}
{"timestamp": 1773228466.6035829, "time": "2026-03-11 16:27:46", "action": "security", "success": false, "command": ":() { : | : & } ; :", "details": {"event": "dangerous_pattern", "blocked": true}}
{"timestamp": 1773228919.709253, "time": "2026-03-11 16:35:19", "action": "security", "success": false, "command": "ls |   rm -rf /", "details": {"event": "blocked_command", "blocked": true}}
{"timestamp": 1773228919.7120457, "time": "2026-03-11 16:35:19", "action": "security", "success": false, "command": ":() { : | : & } ; :", "details": {"event": "dangerous_pattern", "blocked": true}}
{"timestamp": 1773229401.6007843, "time": "2026-03-11 16:43:21", "action": "security", "success": false, "command": "ls |   rm -rf /", "details": {"event": "blocked_command", "blocked": true}}
{"timestamp": 1773229401.6030467, "time": "2026-03-11 16:43:21", "action": "security", "success": false, "command": ":() { : | : & } ; :", "details": {"event": "dangerous_pattern", "blocked": true}}
{"timestamp": 1773229705.730281, "time": "2026-03-11 16:48:25", "action": "security", "success": false, "command": "ls |   rm -rf /", "details": {"event": "blocked_command", "blocked": true}}
{"timestamp": 1773229705.7327716, "time": "2026-03-11 16:48:25", "action": "security", "success": false, "command": ":() { : | : & } ; :", "details": {"event": "dangerous_pattern", "blocked": true}}
{"timestamp": 1773230032.1453798, "time": "2026-03-11 16:53:52", "action": "security", "success": false, "command": "ls |   rm -rf /", "details": {"event": "blocked_command", "blocked": true}}
{"timestamp": 1773230032.1506836, "time": "2026-03-11 16:53:52", "action": "security", "success": false, "command": ":() { : | : & } ; :", "details": {"event": "dangerous_pattern", "blocked": true}}
{"timestamp": 1773230432.3560963, "time": "2026-03-11 17:00:32", "action": "security", "success": false, "command": "ls |   rm -rf /", "details": {"event": "blocked_command", "blocked": true}}
{"timestamp": 1773230432.3569796, "time": "2026-03-11 17:00:32", "action": "security", "success": false, "command": ":() { : | : & } ; :", "details": {"event": "dangerous_pattern", "blocked": true}}
{"timestamp": 1773231313.1607108, "time": "2026-03-11 17:15:13", "action": "security", "success": false, "command": "ls |   rm -rf /", "details": {"event": "blocked_command", "blocked": true}}
{"timestamp": 1773231313.1615155, "time": "2026-03-11 17:15:13", "action": "security", "success": false, "command": ":() { : | : & } ; :", "details": {"event": "dangerous_pattern", "blocked": true}}
{"timestamp": 1773231740.3056953, "time": "2026-03-11 17:22:20", "action": "security", "success": false, "command": "ls |   rm -rf /", "details": {"event": "blocked_command", "blocked": true}}
{"timestamp": 1773231740.3065577, "time": "2026-03-11 17:22:20", "action": "security", "success": false, "command": ":() { : | : & } ; :", "details": {"event": "dangerous_pattern", "blocked": true}}
{"timestamp": 1773232500.1650295, "time": "2026-03-11 17:35:00", "action": "security", "success": false, "command": "ls |   rm -rf /", "details": {"event": "blocked_command", "blocked": true}}
{"timestamp": 1773232500.1658916, "time": "2026-03-11 17:35:00", "action": "security", "success": false, "command": ":() { : | : & } ; :", "details": {"event": "dangerous_pattern", "blocked": true}}
{"timestamp": 1773239897.290211, "time": "2026-03-11 19:38:17", "action": "security", "success": false, "command": "ls |   rm -rf /", "details": {"event": "blocked_command", "blocked": true}}
{"timestamp": 1773239897.2913413, "time": "2026-03-11 19:38:17", "action": "security", "success": false, "command": ":() { : | : & } ; :", "details": {"event": "dangerous_pattern", "blocked": true}}
{"timestamp": 1773241881.5691094, "time": "2026-03-11 20:11:21", "action": "security", "success": false, "command": "ls |   rm -rf /", "details": {"event": "blocked_command", "blocked": true}}
{"timestamp": 1773241881.5698085, "time": "2026-03-11 20:11:21", "action": "security", "success": false, "command": ":() { : | : & } ; :", "details": {"event": "dangerous_pattern", "blocked": true}}
{"timestamp": 1773242078.5350428, "time": "2026-03-11 20:14:38", "action": "security", "success": false, "command": "ls |   rm -rf /", "details": {"event": "blocked_command", "blocked": true}}
{"timestamp": 1773242078.5361738, "time": "2026-03-11 20:14:38", "action": "security", "success": false, "command": ":() { : | : & } ; :", "details": {"event": "dangerous_pattern", "blocked": true}}
{"timestamp": 1773242209.2766242, "time": "2026-03-11 20:16:49", "action": "security", "success": false, "command": "ls |   rm -rf /", "details": {"event": "blocked_command", "blocked": true}}
{"timestamp": 1773242209.2773535, "time": "2026-03-11 20:16:49", "action": "security", "success": false, "command": ":() { : | : & } ; :", "details": {"event": "dangerous_pattern", "blocked": true}}
{"timestamp": 1773242377.149671, "time": "2026-03-11 20:19:37", "action": "security", "success": false, "command": "ls |   rm -rf /", "details": {"event": "blocked_command", "blocked": true}}
{"timestamp": 1773242377.1507213, "time": "2026-03-11 20:19:37", "action": "security", "success": false, "command": ":() { : | : & } ; :", "details": {"event": "dangerous_pattern", "blocked": true}}
{"timestamp": 1773242490.1130993, "time": "2026-03-11 20:21:30", "action": "security", "success": false, "command": "ls |   rm -rf /", "details": {"event": "blocked_command", "blocked": true}}
{"timestamp": 1773242490.113906, "time": "2026-03-11 20:21:30", "action": "security", "success": false, "command": ":() { : | : & } ; :", "details": {"event": "dangerous_pattern", "blocked": true}}
{"timestamp": 1773242609.0850558, "time": "2026-03-11 20:23:29", "action": "security", "success": false, "command": "ls |   rm -rf /", "details": {"event": "blocked_command", "blocked": true}}
{"timestamp": 1773242609.0861545, "time": "2026-03-11 20:23:29", "action": "security", "success": false, "command": ":() { : | : & } ; :", "details": {"event": "dangerous_pattern", "blocked": true}}
{"timestamp": 1773242832.5696647, "time": "2026-03-11 20:27:12", "action": "security", "success": false, "command": "ls |   rm -rf /", "details": {"event": "blocked_command", "blocked": true}}
{"timestamp": 1773242832.5705037, "time": "2026-03-11 20:27:12", "action": "security", "success": false, "command": ":() { : | : & } ; :", "details": {"event": "dangerous_pattern", "blocked": true}}
{"timestamp": 1773242958.51868, "time": "2026-03-11 20:29:18", "action": "security", "success": false, "command": "ls |   rm -rf /", "details": {"event": "blocked_command", "blocked": true}}
{"timestamp": 1773242958.519503, "time": "2026-03-11 20:29:18", "action": "security", "success": false, "command": ":() { : | : & } ; :", "details": {"event": "dangerous_pattern", "blocked": true}}
{"timestamp": 1773243088.078437, "time": "2026-03-11 20:31:28", "action": "security", "success": false, "command": "ls |   rm -rf /", "details": {"event": "blocked_command", "blocked": true}}
{"timestamp": 1773243088.0792794, "time": "2026-03-11 20:31:28", "action": "security", "success": false, "command": ":() { : | : & } ; :", "details": {"event": "dangerous_pattern", "blocked": true}}
{"timestamp": 1773243224.812577, "time": "2026-03-11 20:33:44", "action": "security", "success": false, "command": "ls |   rm -rf /", "details": {"event": "blocked_command", "blocked": true}}
{"timestamp": 1773243224.8134696, "time": "2026-03-11 20:33:44", "action": "security", "success": false, "command": ":() { : | : & } ; :", "details": {"event": "dangerous_pattern", "blocked": true}}
{"timestamp": 1773243344.169861, "time": "2026-03-11 20:35:44", "action": "security", "success": false, "command": "ls |   rm -rf /", "details": {"event": "blocked_command", "blocked": true}}
{"timestamp": 1773243344.1705275, "time": "2026-03-11 20:35:44", "action": "security", "success": false, "command": ":() { : | : & } ; :", "details": {"event": "dangerous_pattern", "blocked": true}}
{"timestamp": 1773243754.5890033, "time": "2026-03-11 20:42:34", "action": "security", "success": false, "command": "ls |   rm -rf /", "details": {"event": "blocked_command", "blocked": true}}
{"timestamp": 1773243754.5898116, "time": "2026-03-11 20:42:34", "action": "security", "success": false, "command": ":() { : | : & } ; :", "details": {"event": "dangerous_pattern", "blocked": true}}
{"timestamp": 1773335855.2601228, "time": "2026-03-12 22:17:35", "action": "security", "success": false, "command": "ls |   rm -rf /", "details": {"event": "blocked_command", "blocked": true}}
{"timestamp": 1773335855.2615738, "time": "2026-03-12 22:17:35", "action": "security", "success": false, "command": ":() { : | : & } ; :", "details": {"event": "dangerous_pattern", "blocked": true}}
{"timestamp": 1773336002.0825968, "time": "2026-03-12 22:20:02", "action": "security", "success": false, "command": "ls |   rm -rf /", "details": {"event": "blocked_command", "blocked": true}}
{"timestamp": 1773336002.084276, "time": "2026-03-12 22:20:02", "action": "security", "success": false, "command": ":() { : | : & } ; :", "details": {"event": "dangerous_pattern", "blocked": true}}
{"timestamp": 1773339069.1561165, "time": "2026-03-12 23:11:09", "action": "security", "success": false, "command": "ls |   rm -rf /", "details": {"event": "blocked_command", "blocked": true}}
{"timestamp": 1773339069.157437, "time": "2026-03-12 23:11:09", "action": "security", "success": false, "command": ":() { : | : & } ; :", "details": {"event": "dangerous_pattern", "blocked": true}}
{"timestamp": 1773339267.7470567, "time": "2026-03-12 23:14:27", "action": "security", "success": false, "command": "ls |   rm -rf /", "details": {"event": "blocked_command", "blocked": true}}
{"timestamp": 1773339267.7482605, "time": "2026-03-12 23:14:27", "action": "security", "success": false, "command": ":() { : | : & } ; :", "details": {"event": "dangerous_pattern", "blocked": true}}
{"timestamp": 1773413325.586064, "time": "2026-03-13 19:48:45", "action": "security", "success": false, "command": "ls |   rm -rf /", "details": {"event": "blocked_command", "blocked": true}}
{"timestamp": 1773413325.5873826, "time": "2026-03-13 19:48:45", "action": "security", "success": false, "command": ":() { : | : & } ; :", "details": {"event": "dangerous_pattern", "blocked": true}}
{"timestamp": 1773414074.931316, "time": "2026-03-13 20:01:14", "action": "security", "success": false, "command": "ls |   rm -rf /", "details": {"event": "blocked_command", "blocked": true}}
{"timestamp": 1773414074.9328182, "time": "2026-03-13 20:01:14", "action": "security", "success": false, "command": ":() { : | : & } ; :", "details": {"event": "dangerous_pattern", "blocked": true}}
{"timestamp": 1773414198.9685097, "time": "2026-03-13 20:03:18", "action": "security", "success": false, "command": "ls |   rm -rf /", "details": {"event": "blocked_command", "blocked": true}}
{"timestamp": 1773414198.96977, "time": "2026-03-13 20:03:18", "action": "security", "success": false, "command": ":() { : | : & } ; :", "details": {"event": "dangerous_pattern", "blocked": true}}
{"timestamp": 1773414204.9644196, "time": "2026-03-13 20:03:24", "action": "security", "success": false, "command": "ls |   rm -rf /", "details": {"event": "blocked_command", "blocked": true}}
{"timestamp": 1773414204.9679234, "time": "2026-03-13 20:03:24", "action": "security", "success": false, "command": ":() { : | : & } ; :", "details": {"event": "dangerous_pattern", "blocked": true}}
{"timestamp": 1773414270.8391392, "time": "2026-03-13 20:04:30", "action": "security", "success": false, "command": "ls |   rm -rf /", "details": {"event": "blocked_command", "blocked": true}}
{"timestamp": 1773414270.8406267, "time": "2026-03-13 20:04:30", "action": "security", "success": false, "command": ":() { : | : & } ; :", "details": {"event": "dangerous_pattern", "blocked": true}}
{"timestamp": 1773414349.0950942, "time": "2026-03-13 20:05:49", "action": "security", "success": false, "command": "ls |   rm -rf /", "details": {"event": "blocked_command", "blocked": true}}
{"timestamp": 1773414349.0984662, "time": "2026-03-13 20:05:49", "action": "security", "success": false, "command": ":() { : | : & } ; :", "details": {"event": "dangerous_pattern", "blocked": true}}
{"timestamp": 1773416031.2688673, "time": "2026-03-13 20:33:51", "action": "command", "success": true, "command": "Привет", "details": {"response_length": 32, "elapsed_seconds": 1.344}}
{"timestamp": 1773416045.3466175, "time": "2026-03-13 20:34:05", "action": "command", "success": true, "command": "Характеристики Realme 10", "details": {"response_length": 11, "elapsed_seconds": 1.092}}
{"timestamp": 1773422910.1657715, "time": "2026-03-13 22:28:30", "action": "security", "success": false, "command": "ls |   rm -rf /", "details": {"event": "blocked_command", "blocked": true}}
{"timestamp": 1773422910.1669905, "time": "2026-03-13 22:28:30", "action": "security", "success": false, "command": ":() { : | : & } ; :", "details": {"event": "dangerous_pattern", "blocked": true}}
{"timestamp": 1773425284.8711247, "time": "2026-03-13 23:08:04", "action": "security", "success": false, "command": "ls |   rm -rf /", "details": {"event": "blocked_command", "blocked": true}}
{"timestamp": 1773425284.872636, "time": "2026-03-13 23:08:04", "action": "security", "success": false, "command": ":() { : | : & } ; :", "details": {"event": "dangerous_pattern", "blocked": true}}
{"timestamp": 1773425415.0564675, "time": "2026-03-13 23:10:15", "action": "security", "success": false, "command": "ls |   rm -rf /", "details": {"event": "blocked_command", "blocked": true}}
{"timestamp": 1773425415.0576866, "time": "2026-03-13 23:10:15", "action": "security", "success": false, "command": ":() { : | : & } ; :", "details": {"event": "dangerous_pattern", "blocked": true}}
{"timestamp": 1773428021.6802578, "time": "2026-03-13 23:53:41", "action": "security", "success": false, "command": "ls |   rm -rf /", "details": {"event": "blocked_command", "blocked": true}}
{"timestamp": 1773428021.6814582, "time": "2026-03-13 23:53:41", "action": "security", "success": false, "command": ":() { : | : & } ; :", "details": {"event": "dangerous_pattern", "blocked": true}}
{"timestamp": 1773428154.5012553, "time": "2026-03-13 23:55:54", "action": "security", "success": false, "command": "ls |   rm -rf /", "details": {"event": "blocked_command", "blocked": true}}
{"timestamp": 1773428154.502445, "time": "2026-03-13 23:55:54", "action": "security", "success": false, "command": ":() { : | : & } ; :", "details": {"event": "dangerous_pattern", "blocked": true}}
{"timestamp": 1773428308.5839586, "time": "2026-03-13 23:58:28", "action": "security", "success": false, "command": "ls |   rm -rf /", "details": {"event": "blocked_command", "blocked": true}}
{"timestamp": 1773428308.5852418, "time": "2026-03-13 23:58:28", "action": "security", "success": false, "command": ":() { : | : & } ; :", "details": {"event": "dangerous_pattern", "blocked": true}}
{"timestamp": 1773495431.4708095, "time": "2026-03-14 18:37:11", "action": "security", "success": false, "command": "ls |   rm -rf /", "details": {"event": "blocked_command", "blocked": true}}
{"timestamp": 1773495431.472173, "time": "2026-03-14 18:37:11", "action": "security", "success": false, "command": ":() { : | : & } ; :", "details": {"event": "dangerous_pattern", "blocked": true}}
{"timestamp": 1773496415.7583709, "time": "2026-03-14 18:53:35", "action": "security", "success": false, "command": "ls |   rm -rf /", "details": {"event": "blocked_command", "blocked": true}}
{"timestamp": 1773496415.7600117, "time": "2026-03-14 18:53:35", "action": "security", "success": false, "command": ":() { : | : & } ; :", "details": {"event": "dangerous_pattern", "blocked": true}}
{"timestamp": 1773496535.6866999, "time": "2026-03-14 18:55:35", "action": "security", "success": false, "command": "ls |   rm -rf /", "details": {"event": "blocked_command", "blocked": true}}
{"timestamp": 1773496535.6880226, "time": "2026-03-14 18:55:35", "action": "security", "success": false, "command": ":() { : | : & } ; :", "details": {"event": "dangerous_pattern", "blocked": true}}
{"timestamp": 1773496622.3872373, "time": "2026-03-14 18:57:02", "action": "security", "success": false, "command": "ls |   rm -rf /", "details": {"event": "blocked_command", "blocked": true}}
{"timestamp": 1773496622.3889582, "time": "2026-03-14 18:57:02", "action": "security", "success": false, "command": ":() { : | : & } ; :", "details": {"event": "dangerous_pattern", "blocked": true}}
{"timestamp": 1773496741.1290944, "time": "2026-03-14 18:59:01", "action": "security", "success": false, "command": "ls |   rm -rf /", "details": {"event": "blocked_command", "blocked": true}}
{"timestamp": 1773496741.1303692, "time": "2026-03-14 18:59:01", "action": "security", "success": false, "command": ":() { : | : & } ; :", "details": {"event": "dangerous_pattern", "blocked": true}}
{"timestamp": 1773496868.1173391, "time": "2026-03-14 19:01:08", "action": "security", "success": false, "command": "ls |   rm -rf /", "details": {"event": "blocked_command", "blocked": true}}
{"timestamp": 1773496868.1188724, "time": "2026-03-14 19:01:08", "action": "security", "success": false, "command": ":() { : | : & } ; :", "details": {"event": "dangerous_pattern", "blocked": true}}
{"timestamp": 1773496996.6767294, "time": "2026-03-14 19:03:16", "action": "security", "success": false, "command": "ls |   rm -rf /", "details": {"event": "blocked_command", "blocked": true}}
{"timestamp": 1773496996.6782036, "time": "2026-03-14 19:03:16", "action": "security", "success": false, "command": ":() { : | : & } ; :", "details": {"event": "dangerous_pattern", "blocked": true}}
{"timestamp": 1773497922.9708934, "time": "2026-03-14 19:18:42", "action": "security", "success": false, "command": "ls |   rm -rf /", "details": {"event": "blocked_command", "blocked": true}}
{"timestamp": 1773497922.9724586, "time": "2026-03-14 19:18:42", "action": "security", "success": false, "command": ":() { : | : & } ; :", "details": {"event": "dangerous_pattern", "blocked": true}}
{"timestamp": 1775280262.7455091, "time": "2026-04-04 10:24:22", "action": "command", "success": true, "command": "Привет", "details": {"response_length": 19, "elapsed_seconds": 1.278}}
{"timestamp": 1775280398.2621927, "time": "2026-04-04 10:26:38", "action": "command", "success": true, "command": "Расскажи о моей системе", "details": {"response_length": 184, "elapsed_seconds": 127.441}}
{"timestamp": 1775280418.036146, "time": "2026-04-04 10:26:58", "action": "command", "success": true, "command": "статус системы", "details": {"response_length": 317, "elapsed_seconds": 0.502}}
{"timestamp": 1775280422.6499846, "time": "2026-04-04 10:27:02", "action": "command", "success": true, "command": "статус модели", "details": {"response_length": 286, "elapsed_seconds": 0.001}}
{"timestamp": 1775280426.388558, "time": "2026-04-04 10:27:06", "action": "command", "success": true, "command": "статус базы знаний", "details": {"response_length": 120, "elapsed_seconds": 0.0}}
{"timestamp": 1775280428.6072266, "time": "2026-04-04 10:27:08", "action": "command", "success": true, "command": "история", "details": {"response_length": 496, "elapsed_seconds": 0.0}}
{"timestamp": 1775280437.096113, "time": "2026-04-04 10:27:17", "action": "command", "success": true, "command": "макросы", "details": {"response_length": 406, "elapsed_seconds": 2.606}}
{"timestamp": 1775280441.9384327, "time": "2026-04-04 10:27:21", "action": "command", "success": true, "command": "/help", "details": {"response_length": 6429, "elapsed_seconds": 0.0}}
{"timestamp": 1775280465.3603463, "time": "2026-04-04 10:27:45", "action": "command", "success": true, "command": "Какая у нас погода в Перми сегодня?", "details": {"response_length": 77, "elapsed_seconds": 1.893}}
{"timestamp": 1775390052.8255367, "time": "2026-04-05 16:54:12", "action": "command", "success": true, "command": "привет", "details": {"response_length": 19, "elapsed_seconds": 0.923}}
{"timestamp": 1775390071.7852614, "time": "2026-04-05 16:54:31", "action": "command", "success": true, "command": "Характеристики Oneplus Nord 3", "details": {"response_length": 406, "elapsed_seconds": 1.151}}
{"timestamp": 1775392213.8455334, "time": "2026-04-05 17:30:13", "action": "security", "success": false, "command": "ls |   rm -rf /", "details": {"event": "blocked_command", "blocked": true}}
{"timestamp": 1775392213.8466935, "time": "2026-04-05 17:30:13", "action": "security", "success": false, "command": ":() { : | : & } ; :", "details": {"event": "dangerous_pattern", "blocked": true}}
{"timestamp": 1775392516.2266119, "time": "2026-04-05 17:35:16", "action": "security", "success": false, "command": "ls |   rm -rf /", "details": {"event": "blocked_command", "blocked": true}}
{"timestamp": 1775392516.2279925, "time": "2026-04-05 17:35:16", "action": "security", "success": false, "command": ":() { : | : & } ; :", "details": {"event": "dangerous_pattern", "blocked": true}}
{"timestamp": 1775392939.0448165, "time": "2026-04-05 17:42:19", "action": "security", "success": false, "command": "ls |   rm -rf /", "details": {"event": "blocked_command", "blocked": true}}
{"timestamp": 1775392939.046023, "time": "2026-04-05 17:42:19", "action": "security", "success": false, "command": ":() { : | : & } ; :", "details": {"event": "dangerous_pattern", "blocked": true}}
{"timestamp": 1775393007.3272843, "time": "2026-04-05 17:43:27", "action": "security", "success": false, "command": "ls |   rm -rf /", "details": {"event": "blocked_command", "blocked": true}}
{"timestamp": 1775393007.3295999, "time": "2026-04-05 17:43:27", "action": "security", "success": false, "command": ":() { : | : & } ; :", "details": {"event": "dangerous_pattern", "blocked": true}}
{"timestamp": 1775394325.2169654, "time": "2026-04-05 18:05:25", "action": "security", "success": false, "command": "ls |   rm -rf /", "details": {"event": "blocked_command", "blocked": true}}
{"timestamp": 1775394325.2182438, "time": "2026-04-05 18:05:25", "action": "security", "success": false, "command": ":() { : | : & } ; :", "details": {"event": "dangerous_pattern", "blocked": true}}
{"timestamp": 1775394547.2523735, "time": "2026-04-05 18:09:07", "action": "security", "success": false, "command": "ls |   rm -rf /", "details": {"event": "blocked_command", "blocked": true}}
{"timestamp": 1775394547.2535875, "time": "2026-04-05 18:09:07", "action": "security", "success": false, "command": ":() { : | : & } ; :", "details": {"event": "dangerous_pattern", "blocked": true}}
{"timestamp": 1775397946.2947059, "time": "2026-04-05 19:05:46", "action": "security", "success": false, "command": "ls |   rm -rf /", "details": {"event": "blocked_command", "blocked": true}}
{"timestamp": 1775397946.2959092, "time": "2026-04-05 19:05:46", "action": "security", "success": false, "command": ":() { : | : & } ; :", "details": {"event": "dangerous_pattern", "blocked": true}}
{"timestamp": 1775398132.683104, "time": "2026-04-05 19:08:52", "action": "security", "success": false, "command": "ls |   rm -rf /", "details": {"event": "blocked_command", "blocked": true}}
{"timestamp": 1775398132.6843092, "time": "2026-04-05 19:08:52", "action": "security", "success": false, "command": ":() { : | : & } ; :", "details": {"event": "dangerous_pattern", "blocked": true}}
{"timestamp": 1775398139.1052094, "time": "2026-04-05 19:08:59", "action": "security", "success": false, "command": "ls |   rm -rf /", "details": {"event": "blocked_command", "blocked": true}}
{"timestamp": 1775398139.1066773, "time": "2026-04-05 19:08:59", "action": "security", "success": false, "command": ":() { : | : & } ; :", "details": {"event": "dangerous_pattern", "blocked": true}}
{"timestamp": 1775398268.7798495, "time": "2026-04-05 19:11:08", "action": "security", "success": false, "command": "ls |   rm -rf /", "details": {"event": "blocked_command", "blocked": true}}
{"timestamp": 1775398268.7816033, "time": "2026-04-05 19:11:08", "action": "security", "success": false, "command": ":() { : | : & } ; :", "details": {"event": "dangerous_pattern", "blocked": true}}
{"timestamp": 1775398339.2228818, "time": "2026-04-05 19:12:19", "action": "security", "success": false, "command": "ls |   rm -rf /", "details": {"event": "blocked_command", "blocked": true}}
{"timestamp": 1775398339.2241163, "time": "2026-04-05 19:12:19", "action": "security", "success": false, "command": ":() { : | : & } ; :", "details": {"event": "dangerous_pattern", "blocked": true}}
{"timestamp": 1775398440.4987578, "time": "2026-04-05 19:14:00", "action": "security", "success": false, "command": "ls |   rm -rf /", "details": {"event": "blocked_command", "blocked": true}}
{"timestamp": 1775398440.5000134, "time": "2026-04-05 19:14:00", "action": "security", "success": false, "command": ":() { : | : & } ; :", "details": {"event": "dangerous_pattern", "blocked": true}}
{"timestamp": 1775398648.3741546, "time": "2026-04-05 19:17:28", "action": "security", "success": false, "command": "ls |   rm -rf /", "details": {"event": "blocked_command", "blocked": true}}
{"timestamp": 1775398648.3753936, "time": "2026-04-05 19:17:28", "action": "security", "success": false, "command": ":() { : | : & } ; :", "details": {"event": "dangerous_pattern", "blocked": true}}
{"timestamp": 1775398761.4607117, "time": "2026-04-05 19:19:21", "action": "security", "success": false, "command": "ls |   rm -rf /", "details": {"event": "blocked_command", "blocked": true}}
{"timestamp": 1775398761.4618452, "time": "2026-04-05 19:19:21", "action": "security", "success": false, "command": ":() { : | : & } ; :", "details": {"event": "dangerous_pattern", "blocked": true}}
{"timestamp": 1775398773.693677, "time": "2026-04-05 19:19:33", "action": "security", "success": false, "command": "ls |   rm -rf /", "details": {"event": "blocked_command", "blocked": true}}
{"timestamp": 1775398773.694814, "time": "2026-04-05 19:19:33", "action": "security", "success": false, "command": ":() { : | : & } ; :", "details": {"event": "dangerous_pattern", "blocked": true}}
{"timestamp": 1775565800.1730452, "time": "2026-04-07 17:43:20", "action": "command", "success": true, "command": "Привет", "details": {"response_length": 19, "elapsed_seconds": 15.384}}
{"timestamp": 1775565913.9718752, "time": "2026-04-07 17:45:13", "action": "command", "success": true, "command": "Харакеристки Realme 16 Pro Plus", "details": {"response_length": 768, "elapsed_seconds": 0.746}}
{"timestamp": 1775565994.6229722, "time": "2026-04-07 17:46:34", "action": "command", "success": true, "command": "Найди характеристики Realme 16 Pro Plus", "details": {"response_length": 671, "elapsed_seconds": 56.767}}
{"timestamp": 1775567565.4636776, "time": "2026-04-07 18:12:45", "action": "command", "success": true, "command": "Найди характеристики Oneplus Nord 5", "details": {"response_length": 772, "elapsed_seconds": 37.051}}
{"timestamp": 1775567895.295339, "time": "2026-04-07 18:18:15", "action": "command", "success": true, "command": "Характеристики Realme 10", "details": {"response_length": 407, "elapsed_seconds": 16.43}}
{"timestamp": 1775568093.9306877, "time": "2026-04-07 18:21:33", "action": "command", "success": true, "command": "Найди характеристики Realme 10", "details": {"response_length": 2071, "elapsed_seconds": 161.992}}
{"timestamp": 1775568963.8463736, "time": "2026-04-07 18:36:03", "action": "security", "success": false, "command": "ls |   rm -rf /", "details": {"event": "blocked_command", "blocked": true}}
{"timestamp": 1775568963.8471842, "time": "2026-04-07 18:36:03", "action": "security", "success": false, "command": ":() { : | : & } ; :", "details": {"event": "dangerous_pattern", "blocked": true}}
{"timestamp": 1775569258.2035847, "time": "2026-04-07 18:40:58", "action": "security", "success": false, "command": "ls |   rm -rf /", "details": {"event": "blocked_command", "blocked": true}}
{"timestamp": 1775569258.2042842, "time": "2026-04-07 18:40:58", "action": "security", "success": false, "command": ":() { : | : & } ; :", "details": {"event": "dangerous_pattern", "blocked": true}}
{"timestamp": 1775569374.130791, "time": "2026-04-07 18:42:54", "action": "security", "success": false, "command": "ls |   rm -rf /", "details": {"event": "blocked_command", "blocked": true}}
{"timestamp": 1775569374.1315475, "time": "2026-04-07 18:42:54", "action": "security", "success": false, "command": ":() { : | : & } ; :", "details": {"event": "dangerous_pattern", "blocked": true}}
{"timestamp": 1775569472.054896, "time": "2026-04-07 18:44:32", "action": "security", "success": false, "command": "ls |   rm -rf /", "details": {"event": "blocked_command", "blocked": true}}
{"timestamp": 1775569472.0555944, "time": "2026-04-07 18:44:32", "action": "security", "success": false, "command": ":() { : | : & } ; :", "details": {"event": "dangerous_pattern", "blocked": true}}
{"timestamp": 1775569582.9216785, "time": "2026-04-07 18:46:22", "action": "security", "success": false, "command": "ls |   rm -rf /", "details": {"event": "blocked_command", "blocked": true}}
{"timestamp": 1775569582.9224205, "time": "2026-04-07 18:46:22", "action": "security", "success": false, "command": ":() { : | : & } ; :", "details": {"event": "dangerous_pattern", "blocked": true}}
{"timestamp": 1775570976.7947938, "time": "2026-04-07 19:09:36", "action": "security", "success": false, "command": "ls |   rm -rf /", "details": {"event": "blocked_command", "blocked": true}}
{"timestamp": 1775570976.7954829, "time": "2026-04-07 19:09:36", "action": "security", "success": false, "command": ":() { : | : & } ; :", "details": {"event": "dangerous_pattern", "blocked": true}}
{"timestamp": 1775572824.1495123, "time": "2026-04-07 19:40:24", "action": "command", "success": true, "command": "Характеристики Tecno Megabook K16SDA", "details": {"response_length": 11, "elapsed_seconds": 17.611}}
{"timestamp": 1775572865.3985238, "time": "2026-04-07 19:41:05", "action": "web_search", "success": true, "command": "", "details": {"query": "е", "results_count": 0}}
{"timestamp": 1775572865.3990543, "time": "2026-04-07 19:41:05", "action": "command", "success": true, "command": "Характеристики Tecno Megabook K16SDA. Найди в интернете", "details": {"response_length": 33, "elapsed_seconds": 18.589}}
{"timestamp": 1775573728.6413758, "time": "2026-04-07 19:55:28", "action": "security", "success": false, "command": "ls |   rm -rf /", "details": {"event": "blocked_command", "blocked": true}}
{"timestamp": 1775573728.642208, "time": "2026-04-07 19:55:28", "action": "security", "success": false, "command": ":() { : | : & } ; :", "details": {"event": "dangerous_pattern", "blocked": true}}
{"timestamp": 1775574375.613611, "time": "2026-04-07 20:06:15", "action": "command", "success": true, "command": "Найди характеристики Tecno Megabook K16SDA", "details": {"response_length": 2504, "elapsed_seconds": 35.834}}
{"timestamp": 1775574601.4047034, "time": "2026-04-07 20:10:01", "action": "security", "success": false, "command": "ls |   rm -rf /", "details": {"event": "blocked_command", "blocked": true}}
{"timestamp": 1775574601.4054499, "time": "2026-04-07 20:10:01", "action": "security", "success": false, "command": ":() { : | : & } ; :", "details": {"event": "dangerous_pattern", "blocked": true}}
{"timestamp": 1775575797.4563055, "time": "2026-04-07 20:29:57", "action": "security", "success": false, "command": "ls |   rm -rf /", "details": {"event": "blocked_command", "blocked": true}}
{"timestamp": 1775575797.4569774, "time": "2026-04-07 20:29:57", "action": "security", "success": false, "command": ":() { : | : & } ; :", "details": {"event": "dangerous_pattern", "blocked": true}}
{"timestamp": 1775579258.9621406, "time": "2026-04-07 21:27:38", "action": "command", "success": true, "command": "Характеристики Behringer BH460", "details": {"response_length": 11, "elapsed_seconds": 19.802}}
{"timestamp": 1775580562.7326012, "time": "2026-04-07 21:49:22", "action": "command", "success": true, "command": "Характеристики Behringer BH470", "details": {"response_length": 11, "elapsed_seconds": 16.173}}
{"timestamp": 1775581034.586549, "time": "2026-04-07 21:57:14", "action": "command", "success": true, "command": "Найди характеристики Behringer BH470", "details": {"response_length": 2504, "elapsed_seconds": 448.253}}
{"timestamp": 1775582774.63638, "time": "2026-04-07 22:26:14", "action": "command", "success": true, "command": "Найди характеристики Behringer BH470", "details": {"response_length": 117, "elapsed_seconds": 127.42}}
{"timestamp": 1775584769.8642707, "time": "2026-04-07 22:59:29", "action": "command", "success": true, "command": "Найди характеристики Behringer BH470", "details": {"response_length": 117, "elapsed_seconds": 164.075}}
{"timestamp": 1775585319.0663667, "time": "2026-04-07 23:08:39", "action": "command", "success": true, "command": "Найди характеристики Behringer BH470", "details": {"response_length": 117, "elapsed_seconds": 86.848}}
{"timestamp": 1775585460.5403178, "time": "2026-04-07 23:11:00", "action": "command", "success": true, "command": "Найди характеристики Behringer BH470", "details": {"response_length": 117, "elapsed_seconds": 0.013}}
{"timestamp": 1775589601.5381548, "time": "2026-04-08 00:20:01", "action": "command", "success": true, "command": "Характеристики CMF Buds Pro", "details": {"response_length": 117, "elapsed_seconds": 229.891}}
{"timestamp": 1775635508.4373739, "time": "2026-04-08 13:05:08", "action": "command", "success": true, "command": "Характеристики Sony WH-1000XM5", "details": {"response_length": 117, "elapsed_seconds": 45.571}}
{"timestamp": 1775635637.3308628, "time": "2026-04-08 13:07:17", "action": "command", "success": true, "command": "Сколько весит MacBook Air M3", "details": {"response_length": 172, "elapsed_seconds": 128.844}}
{"timestamp": 1775635716.6856022, "time": "2026-04-08 13:08:36", "action": "command", "success": true, "command": "Что такое протокол QUIC", "details": {"response_length": 215, "elapsed_seconds": 79.351}}
{"timestamp": 1775636195.3417704, "time": "2026-04-08 13:16:35", "action": "command", "success": true, "command": "Характеристики Sony WH-1000XM5", "details": {"response_length": 2504, "elapsed_seconds": 217.985}}
{"timestamp": 1775636273.1086836, "time": "2026-04-08 13:17:53", "action": "command", "success": true, "command": "Сколько весит MacBook Air M3", "details": {"response_length": 2504, "elapsed_seconds": 77.764}}
{"timestamp": 1775636896.0678844, "time": "2026-04-08 13:28:16", "action": "command", "success": true, "command": "Характеристики Sony WH-1000XM5", "details": {"response_length": 2504, "elapsed_seconds": 14.162}}
{"timestamp": 1775637110.9397535, "time": "2026-04-08 13:31:50", "action": "command", "success": true, "command": "Характеристики Sony WH-1000XM5", "details": {"response_length": 2504, "elapsed_seconds": 153.626}}
{"timestamp": 1775637122.1663644, "time": "2026-04-08 13:32:02", "action": "command", "success": true, "command": "Сколько весит MacBook Air M3", "details": {"response_length": 2504, "elapsed_seconds": 11.224}}
{"timestamp": 1775637134.6274, "time": "2026-04-08 13:32:14", "action": "command", "success": true, "command": "Что такое протокол QUIC", "details": {"response_length": 1724, "elapsed_seconds": 12.458}}
{"timestamp": 1775637452.019482, "time": "2026-04-08 13:37:32", "action": "command", "success": true, "command": "Характеристики Sony WH-1000XM5", "details": {"response_length": 2504, "elapsed_seconds": 13.176}}
{"timestamp": 1775637463.1632116, "time": "2026-04-08 13:37:43", "action": "command", "success": true, "command": "Сколько весит MacBook Air M3", "details": {"response_length": 2484, "elapsed_seconds": 11.14}}
{"timestamp": 1775637474.3522182, "time": "2026-04-08 13:37:54", "action": "command", "success": true, "command": "Что такое протокол QUIC", "details": {"response_length": 1724, "elapsed_seconds": 11.186}}
{"timestamp": 1775639066.6843295, "time": "2026-04-08 14:04:26", "action": "command", "success": true, "command": "Характеристики Sony WH-1000XM5", "details": {"response_length": 2504, "elapsed_seconds": 16.399}}
{"timestamp": 1775639918.1021209, "time": "2026-04-08 14:18:38", "action": "command", "success": true, "command": "Характеристики JBL BT770", "details": {"response_length": 2504, "elapsed_seconds": 17.857}}
{"timestamp": 1775639933.9919524, "time": "2026-04-08 14:18:53", "action": "command", "success": true, "command": "параметры Intel Core i3-10100k", "details": {"response_length": 2318, "elapsed_seconds": 12.957}}
{"timestamp": 1775640240.0578446, "time": "2026-04-08 14:24:00", "action": "command", "success": true, "command": "Характеристики JBL BT770", "details": {"response_length": 2504, "elapsed_seconds": 20.962}}
{"timestamp": 1775640256.2083206, "time": "2026-04-08 14:24:16", "action": "command", "success": true, "command": "параметры Intel Core i3-10100k", "details": {"response_length": 2394, "elapsed_seconds": 13.182}}
{"timestamp": 1775640513.18535, "time": "2026-04-08 14:28:33", "action": "command", "success": true, "command": "Характеристики JBL BT770", "details": {"response_length": 2504, "elapsed_seconds": 27.204}}
{"timestamp": 1775640551.321153, "time": "2026-04-08 14:29:11", "action": "command", "success": true, "command": "параметры Intel Core i3-10100k", "details": {"response_length": 2504, "elapsed_seconds": 35.466}}
{"timestamp": 1775640715.3603303, "time": "2026-04-08 14:31:55", "action": "command", "success": true, "command": "Характеристики JBL BT770", "details": {"response_length": 2504, "elapsed_seconds": 44.793}}
{"timestamp": 1775640750.9117775, "time": "2026-04-08 14:32:30", "action": "command", "success": true, "command": "параметры Intel Core i3-10100k", "details": {"response_length": 323, "elapsed_seconds": 33.183}}
{"timestamp": 1775672672.1343298, "time": "2026-04-08 23:24:32", "action": "command", "success": true, "command": "Характеристики Ryzen 5 5600X", "details": {"response_length": 448, "elapsed_seconds": 15.861}}
{"timestamp": 1775673175.7475238, "time": "2026-04-08 23:32:55", "action": "command", "success": true, "command": "Характеристики Ryzen 5 5600X", "details": {"response_length": 2504, "elapsed_seconds": 15.207}}
{"timestamp": 1775673758.1296284, "time": "2026-04-08 23:42:38", "action": "command", "success": true, "command": "Какой химический символ золота", "details": {"response_length": 191, "elapsed_seconds": 26.209}}
{"timestamp": 1775673774.266401, "time": "2026-04-08 23:42:54", "action": "command", "success": true, "command": "Параметры JBL Charge 5", "details": {"response_length": 399, "elapsed_seconds": 14.127}}
{"timestamp": 1775673815.8092425, "time": "2026-04-08 23:43:35", "action": "command", "success": true, "command": "Параметры MSI RTX 4060 Ti", "details": {"response_length": 2504, "elapsed_seconds": 39.338}}
{"timestamp": 1775673838.2775102, "time": "2026-04-08 23:43:58", "action": "command", "success": true, "command": "В каком году основана Москва", "details": {"response_length": 33, "elapsed_seconds": 20.33}}
{"timestamp": 1775673854.2720852, "time": "2026-04-08 23:44:14", "action": "command", "success": true, "command": "Характеристики Bose QuietComfort Ultra", "details": {"response_length": 2504, "elapsed_seconds": 14.165}}
{"timestamp": 1775673871.7304296, "time": "2026-04-08 23:44:31", "action": "command", "success": true, "command": "Параметры Samsung Galaxy Tab S9", "details": {"response_length": 917, "elapsed_seconds": 15.334}}
{"timestamp": 1775673894.1376398, "time": "2026-04-08 23:44:54", "action": "command", "success": true, "command": "Сколько костей в теле человека", "details": {"response_length": 191, "elapsed_seconds": 20.336}}
{"timestamp": 1775673911.7097666, "time": "2026-04-08 23:45:11", "action": "command", "success": true, "command": "Параметры Intel Arc A770", "details": {"response_length": 961, "elapsed_seconds": 15.865}}
{"timestamp": 1775673935.2876258, "time": "2026-04-08 23:45:35", "action": "command", "success": true, "command": "Обзор DJI Mini 4 Pro", "details": {"response_length": 2504, "elapsed_seconds": 21.408}}
{"timestamp": 1775673973.2629652, "time": "2026-04-08 23:46:13", "action": "command", "success": true, "command": "Топ 5 IDE для Python разработки", "details": {"response_length": 2504, "elapsed_seconds": 35.862}}
{"timestamp": 1775673991.8340278, "time": "2026-04-08 23:46:31", "action": "command", "success": true, "command": "характеристики Nothing Phone 2", "details": {"response_length": 791, "elapsed_seconds": 16.445}}
{"timestamp": 1775674089.7926106, "time": "2026-04-08 23:48:09", "action": "command", "success": true, "command": "iPhone 15 vs Samsung Galaxy S24", "details": {"response_length": 2430, "elapsed_seconds": 34.236}}
{"timestamp": 1775674148.3261056, "time": "2026-04-08 23:49:08", "action": "command", "success": true, "command": "Характеристики HyperX Cloud III", "details": {"response_length": 2240, "elapsed_seconds": 13.107}}
{"timestamp": 1775674172.043618, "time": "2026-04-08 23:49:32", "action": "command", "success": true, "command": "Кто первый полетел в космос", "details": {"response_length": 64, "elapsed_seconds": 21.27}}
{"timestamp": 1775674184.0770798, "time": "2026-04-08 23:49:44", "action": "command", "success": true, "command": "Ryzen 5 5600X vs Intel Core i5-12400", "details": {"response_length": 1959, "elapsed_seconds": 10.157}}
{"timestamp": 1775674196.35306, "time": "2026-04-08 23:49:56", "action": "command", "success": true, "command": "Лучшие механические клавиатуры 2025", "details": {"response_length": 1878, "elapsed_seconds": 10.066}}
{"timestamp": 1775674234.3055236, "time": "2026-04-08 23:50:34", "action": "command", "success": true, "command": "Топ 5 IDE для Python разработки", "details": {"response_length": 2504, "elapsed_seconds": 35.829}}
{"timestamp": 1775674433.2779474, "time": "2026-04-08 23:53:53", "action": "command", "success": true, "command": "Обзор AMD Radeon RX 7900 XT", "details": {"response_length": 480, "elapsed_seconds": 14.183}}
{"timestamp": 1775674456.4845643, "time": "2026-04-08 23:54:16", "action": "command", "success": true, "command": "Сколько планет в солнечной системе", "details": {"response_length": 367, "elapsed_seconds": 20.995}}
{"timestamp": 1775674494.9207892, "time": "2026-04-08 23:54:54", "action": "command", "success": true, "command": "Обзор Xiaomi 14", "details": {"response_length": 1938, "elapsed_seconds": 16.181}}
{"timestamp": 1775674517.936714, "time": "2026-04-08 23:55:17", "action": "command", "success": true, "command": "В каком году началась Вторая мировая война", "details": {"response_length": 42, "elapsed_seconds": 20.851}}
{"timestamp": 1775674533.6362345, "time": "2026-04-08 23:55:33", "action": "command", "success": true, "command": "Характеристики Motorola Edge 40 Pro", "details": {"response_length": 785, "elapsed_seconds": 13.925}}
{"timestamp": 1775674639.0782714, "time": "2026-04-08 23:57:19", "action": "command", "success": true, "command": "Лучшие механические клавиатуры 2025", "details": {"response_length": 1878, "elapsed_seconds": 11.775}}
{"timestamp": 1775674655.3603227, "time": "2026-04-08 23:57:35", "action": "command", "success": true, "command": "Характеристики Lenovo ThinkPad X1 Carbon", "details": {"response_length": 2504, "elapsed_seconds": 13.87}}
{"timestamp": 1775674672.2391255, "time": "2026-04-08 23:57:52", "action": "command", "success": true, "command": "Обзор процессора Apple M4", "details": {"response_length": 237, "elapsed_seconds": 14.149}}
{"timestamp": 1775674732.3792896, "time": "2026-04-08 23:58:52", "action": "command", "success": true, "command": "В каком году основана Москва", "details": {"response_length": 33, "elapsed_seconds": 22.348}}
{"timestamp": 1775674773.2582965, "time": "2026-04-08 23:59:33", "action": "command", "success": true, "command": "Что лучше NVMe или SATA SSD", "details": {"response_length": 2135, "elapsed_seconds": 38.893}}
{"timestamp": 1775674789.47816, "time": "2026-04-08 23:59:49", "action": "command", "success": true, "command": "Характеристики MacBook Air M3", "details": {"response_length": 1055, "elapsed_seconds": 13.838}}
{"timestamp": 1775674806.0616732, "time": "2026-04-09 00:00:06", "action": "command", "success": true, "command": "Обзор OnePlus 12", "details": {"response_length": 480, "elapsed_seconds": 14.467}}
{"timestamp": 1775674845.276754, "time": "2026-04-09 00:00:45", "action": "command", "success": true, "command": "iPhone 15 vs Samsung Galaxy S24", "details": {"response_length": 2430, "elapsed_seconds": 36.996}}
{"timestamp": 1775674867.4299114, "time": "2026-04-09 00:01:07", "action": "command", "success": true, "command": "Какая столица Австралии", "details": {"response_length": 9, "elapsed_seconds": 19.992}}
{"timestamp": 1775674884.8459024, "time": "2026-04-09 00:01:24", "action": "command", "success": true, "command": "Обзор Lenovo ThinkPad X1 Carbon", "details": {"response_length": 442, "elapsed_seconds": 15.575}}
{"timestamp": 1775674908.277439, "time": "2026-04-09 00:01:48", "action": "command", "success": true, "command": "Обзор Steam Deck OLED", "details": {"response_length": 407, "elapsed_seconds": 21.2}}
{"timestamp": 1775675017.513384, "time": "2026-04-09 00:03:37", "action": "command", "success": true, "command": "Параметры Xiaomi 14", "details": {"response_length": 367, "elapsed_seconds": 16.017}}
{"timestamp": 1775675033.7746172, "time": "2026-04-09 00:03:53", "action": "command", "success": true, "command": "Параметры Sony WH-1000XM4", "details": {"response_length": 2115, "elapsed_seconds": 13.932}}
{"timestamp": 1775675068.8997734, "time": "2026-04-09 00:04:28", "action": "command", "success": true, "command": "Обзор процессора Apple M4", "details": {"response_length": 2504, "elapsed_seconds": 14.457}}
{"timestamp": 1775675085.6776319, "time": "2026-04-09 00:04:45", "action": "command", "success": true, "command": "Параметры Logitech G Pro X", "details": {"response_length": 2504, "elapsed_seconds": 14.625}}
{"timestamp": 1775675106.5691743, "time": "2026-04-09 00:05:06", "action": "command", "success": true, "command": "Спецификации Intel Core i7-13700K", "details": {"response_length": 2504, "elapsed_seconds": 18.342}}
{"timestamp": 1775675146.5629647, "time": "2026-04-09 00:05:46", "action": "command", "success": true, "command": "Какая самая длинная река в мире", "details": {"response_length": 2504, "elapsed_seconds": 37.803}}
{"timestamp": 1775675160.4389386, "time": "2026-04-09 00:06:00", "action": "command", "success": true, "command": "MacBook Air M3 vs Dell XPS 13", "details": {"response_length": 2123, "elapsed_seconds": 11.685}}
{"timestamp": 1775675177.624321, "time": "2026-04-09 00:06:17", "action": "command", "success": true, "command": "характеристики Samsung Galaxy S24 Ultra", "details": {"response_length": 612, "elapsed_seconds": 14.953}}
{"timestamp": 1775675284.5331903, "time": "2026-04-09 00:08:04", "action": "command", "success": true, "command": "Спецификации Sony WH-1000XM4", "details": {"response_length": 2504, "elapsed_seconds": 13.182}}
{"timestamp": 1775675301.5150402, "time": "2026-04-09 00:08:21", "action": "command", "success": true, "command": "Обзор Canon EOS R6 Mark II", "details": {"response_length": 2504, "elapsed_seconds": 14.577}}
{"timestamp": 1775675321.3376663, "time": "2026-04-09 00:08:41", "action": "command", "success": true, "command": "Параметры DJI Mini 4 Pro", "details": {"response_length": 2504, "elapsed_seconds": 17.478}}
{"timestamp": 1775675338.9843729, "time": "2026-04-09 00:08:58", "action": "command", "success": true, "command": "характеристики DJI Mini 4 Pro", "details": {"response_length": 2504, "elapsed_seconds": 14.914}}
{"timestamp": 1775675358.6398807, "time": "2026-04-09 00:09:18", "action": "command", "success": true, "command": "Обзор iPhone 15 Pro Max", "details": {"response_length": 2504, "elapsed_seconds": 16.907}}
{"timestamp": 1775675371.0853004, "time": "2026-04-09 00:09:31", "action": "command", "success": true, "command": "Топ 5 IDE для Python разработки", "details": {"response_length": 1975, "elapsed_seconds": 10.116}}
{"timestamp": 1775675389.5579844, "time": "2026-04-09 00:09:49", "action": "command", "success": true, "command": "характеристики Nothing Phone 2", "details": {"response_length": 665, "elapsed_seconds": 15.987}}
{"timestamp": 1775675428.270705, "time": "2026-04-09 00:10:28", "action": "command", "success": true, "command": "AirPods Pro 2 vs Sony WF-1000XM5", "details": {"response_length": 2504, "elapsed_seconds": 36.105}}
{"timestamp": 1775675443.8826497, "time": "2026-04-09 00:10:43", "action": "command", "success": true, "command": "Параметры Canon EOS R6 Mark II", "details": {"response_length": 270, "elapsed_seconds": 13.425}}
{"timestamp": 1775675478.9783916, "time": "2026-04-09 00:11:18", "action": "command", "success": true, "command": "iPhone 15 vs Samsung Galaxy S24", "details": {"response_length": 2430, "elapsed_seconds": 32.908}}
{"timestamp": 1775675491.434791, "time": "2026-04-09 00:11:31", "action": "command", "success": true, "command": "Сравни RTX 4070 и RX 7800 XT", "details": {"response_length": 2010, "elapsed_seconds": 10.313}}
{"timestamp": 1775675518.5088778, "time": "2026-04-09 00:11:58", "action": "command", "success": true, "command": "Какая столица Австралии", "details": {"response_length": 9, "elapsed_seconds": 24.884}}
{"timestamp": 1775675552.5959024, "time": "2026-04-09 00:12:32", "action": "command", "success": true, "command": "характеристики AMD Ryzen 7 7800X3D", "details": {"response_length": 265, "elapsed_seconds": 12.86}}
{"timestamp": 1775675564.8889346, "time": "2026-04-09 00:12:44", "action": "command", "success": true, "command": "Лучшие бесплатные антивирусы для Linux", "details": {"response_length": 1916, "elapsed_seconds": 10.128}}
{"timestamp": 1775675577.4366064, "time": "2026-04-09 00:12:57", "action": "command", "success": true, "command": "Сравни iPhone 15 и Samsung Galaxy S24", "details": {"response_length": 1936, "elapsed_seconds": 10.413}}
{"timestamp": 1775675592.9258332, "time": "2026-04-09 00:13:12", "action": "command", "success": true, "command": "Обзор процессора Apple M4", "details": {"response_length": 2504, "elapsed_seconds": 13.352}}
{"timestamp": 1775675614.9934764, "time": "2026-04-09 00:13:34", "action": "command", "success": true, "command": "Какая столица Австралии", "details": {"response_length": 9, "elapsed_seconds": 19.955}}
{"timestamp": 1775675631.0545862, "time": "2026-04-09 00:13:51", "action": "command", "success": true, "command": "Характеристики AMD Radeon RX 7900 XT", "details": {"response_length": 441, "elapsed_seconds": 13.945}}
{"timestamp": 1775675735.5115657, "time": "2026-04-09 00:15:35", "action": "command", "success": true, "command": "iPhone 15 vs Samsung Galaxy S24", "details": {"response_length": 1964, "elapsed_seconds": 10.186}}
{"timestamp": 1775675749.2938063, "time": "2026-04-09 00:15:49", "action": "command", "success": true, "command": "Сравни MacBook Air M3 и Dell XPS 13", "details": {"response_length": 2133, "elapsed_seconds": 11.456}}
{"timestamp": 1775675855.5525618, "time": "2026-04-09 00:17:35", "action": "command", "success": true, "command": "Лучшие механические клавиатуры 2025", "details": {"response_length": 1435, "elapsed_seconds": 12.065}}
{"timestamp": 1775675964.8511543, "time": "2026-04-09 00:19:24", "action": "command", "success": true, "command": "характеристики Bose QuietComfort Ultra", "details": {"response_length": 2504, "elapsed_seconds": 15.068}}
{"timestamp": 1775676002.3412333, "time": "2026-04-09 00:20:02", "action": "command", "success": true, "command": "Лучшие бесплатные антивирусы для Linux", "details": {"response_length": 1916, "elapsed_seconds": 10.651}}
{"timestamp": 1775676570.0605996, "time": "2026-04-09 00:29:30", "action": "command", "success": true, "command": "Обзор Google Pixel 8 Pro", "details": {"response_length": 647, "elapsed_seconds": 14.394}}
{"timestamp": 1775676705.6129754, "time": "2026-04-09 00:31:45", "action": "command", "success": true, "command": "характеристики Intel Core i7-13700K", "details": {"response_length": 2075, "elapsed_seconds": 12.863}}
{"timestamp": 1775676748.4128454, "time": "2026-04-09 00:32:28", "action": "command", "success": true, "command": "Спецификации Samsung Galaxy S24 Ultra", "details": {"response_length": 717, "elapsed_seconds": 15.561}}
{"timestamp": 1775676765.6372159, "time": "2026-04-09 00:32:45", "action": "command", "success": true, "command": "Спецификации Xiaomi 14", "details": {"response_length": 757, "elapsed_seconds": 15.086}}
{"timestamp": 1775676908.2986274, "time": "2026-04-09 00:35:08", "action": "command", "success": true, "command": "Обзор Sony A7 IV", "details": {"response_length": 2504, "elapsed_seconds": 20.221}}
{"timestamp": 1775676955.9015334, "time": "2026-04-09 00:35:55", "action": "command", "success": true, "command": "Какой самый большой океан", "details": {"response_length": 1844, "elapsed_seconds": 12.002}}
{"timestamp": 1775676962.978973, "time": "2026-04-09 00:36:02", "action": "command", "success": true, "command": "Обзор Sony WH-1000XM4", "details": {"response_length": 2504, "elapsed_seconds": 4.938}}
{"timestamp": 1775676973.667348, "time": "2026-04-09 00:36:13", "action": "command", "success": true, "command": "Обзор Lenovo ThinkPad X1 Carbon", "details": {"response_length": 493, "elapsed_seconds": 8.497}}
{"timestamp": 1775676988.0143044, "time": "2026-04-09 00:36:28", "action": "command", "success": true, "command": "характеристики Sony WH-1000XM4", "details": {"response_length": 2465, "elapsed_seconds": 12.339}}
{"timestamp": 1775677010.5932202, "time": "2026-04-09 00:36:50", "action": "command", "success": true, "command": "Сколько хромосом у человека", "details": {"response_length": 3813, "elapsed_seconds": 20.447}}
{"timestamp": 1775677851.9885101, "time": "2026-04-09 00:50:51", "action": "command", "success": true, "command": "Лучшие альтернативы Docker для контейнеризации", "details": {"response_length": 1918, "elapsed_seconds": 2.053}}
{"timestamp": 1775677855.5961664, "time": "2026-04-09 00:50:55", "action": "command", "success": true, "command": "Сравни Ryzen 5 5600X и Intel Core i5-12400", "details": {"response_length": 1921, "elapsed_seconds": 1.536}}
{"timestamp": 1775677859.6877196, "time": "2026-04-09 00:50:59", "action": "command", "success": true, "command": "Сравни iPhone 15 и Samsung Galaxy S24", "details": {"response_length": 1995, "elapsed_seconds": 2.009}}
{"timestamp": 1775677864.4771745, "time": "2026-04-09 00:51:04", "action": "command", "success": true, "command": "RTX 4070 vs RX 7800 XT", "details": {"response_length": 676, "elapsed_seconds": 2.725}}
{"timestamp": 1775677868.525216, "time": "2026-04-09 00:51:08", "action": "command", "success": true, "command": "Что лучше NVMe или SATA SSD", "details": {"response_length": 2151, "elapsed_seconds": 1.932}}
{"timestamp": 1775677872.6098068, "time": "2026-04-09 00:51:12", "action": "command", "success": true, "command": "Кто изобрёл телефон", "details": {"response_length": 1740, "elapsed_seconds": 1.991}}
{"timestamp": 1775677880.6815171, "time": "2026-04-09 00:51:20", "action": "command", "success": true, "command": "Параметры Bose QuietComfort Ultra", "details": {"response_length": 316, "elapsed_seconds": 5.878}}
{"timestamp": 1775677885.576541, "time": "2026-04-09 00:51:25", "action": "command", "success": true, "command": "Что лучше Ryzen 5 5600X или Intel Core i5-12400", "details": {"response_length": 2053, "elapsed_seconds": 2.793}}
{"timestamp": 1775677893.9961832, "time": "2026-04-09 00:51:33", "action": "command", "success": true, "command": "Спецификации Sony A7 IV", "details": {"response_length": 2504, "elapsed_seconds": 6.193}}
{"timestamp": 1775677916.384107, "time": "2026-04-09 00:51:56", "action": "command", "success": true, "command": "Параметры Google Pixel 8 Pro", "details": {"response_length": 672, "elapsed_seconds": 20.056}}
{"timestamp": 1775677920.5108604, "time": "2026-04-09 00:52:00", "action": "command", "success": true, "command": "Ryzen 5 5600X vs Intel Core i5-12400", "details": {"response_length": 1950, "elapsed_seconds": 1.898}}
{"timestamp": 1775677926.9119604, "time": "2026-04-09 00:52:06", "action": "command", "success": true, "command": "Характеристики Realme GT 5 Pro", "details": {"response_length": 742, "elapsed_seconds": 4.239}}
{"timestamp": 1775677931.9675524, "time": "2026-04-09 00:52:11", "action": "command", "success": true, "command": "Кто первый полетел в космос", "details": {"response_length": 2011, "elapsed_seconds": 2.959}}
{"timestamp": 1775677939.526645, "time": "2026-04-09 00:52:19", "action": "command", "success": true, "command": "характеристики Samsung Galaxy S24 Ultra", "details": {"response_length": 612, "elapsed_seconds": 5.322}}
{"timestamp": 1775677946.9213681, "time": "2026-04-09 00:52:26", "action": "command", "success": true, "command": "Обзор MacBook Air M3", "details": {"response_length": 254, "elapsed_seconds": 5.297}}
{"timestamp": 1775677951.7545922, "time": "2026-04-09 00:52:31", "action": "command", "success": true, "command": "Лучшие VPN сервисы для Linux 2025", "details": {"response_length": 1683, "elapsed_seconds": 2.73}}
{"timestamp": 1775677968.6883972, "time": "2026-04-09 00:52:48", "action": "command", "success": true, "command": "Обзор ASUS ROG Strix G16", "details": {"response_length": 227, "elapsed_seconds": 14.763}}
{"timestamp": 1775677979.807039, "time": "2026-04-09 00:52:59", "action": "command", "success": true, "command": "характеристики DJI Mini 4 Pro", "details": {"response_length": 2504, "elapsed_seconds": 8.921}}
{"timestamp": 1775677984.2677479, "time": "2026-04-09 00:53:04", "action": "command", "success": true, "command": "Что лучше AirPods Pro 2 или Sony WF-1000XM5", "details": {"response_length": 2135, "elapsed_seconds": 2.268}}
{"timestamp": 1775677989.1988933, "time": "2026-04-09 00:53:09", "action": "command", "success": true, "command": "Какая самая высокая гора в мире", "details": {"response_length": 1907, "elapsed_seconds": 2.836}}
{"timestamp": 1775678003.1031098, "time": "2026-04-09 00:53:23", "action": "command", "success": true, "command": "характеристики Logitech G Pro X", "details": {"response_length": 310, "elapsed_seconds": 11.878}}
{"timestamp": 1775678007.7868452, "time": "2026-04-09 00:53:27", "action": "command", "success": true, "command": "Сколько планет в солнечной системе", "details": {"response_length": 1901, "elapsed_seconds": 3.228}}
{"timestamp": 1775678013.1790345, "time": "2026-04-09 00:53:33", "action": "command", "success": true, "command": "AirPods Pro 2 vs Sony WF-1000XM5", "details": {"response_length": 2101, "elapsed_seconds": 3.755}}
{"timestamp": 1775678022.2384608, "time": "2026-04-09 00:53:42", "action": "command", "success": true, "command": "Обзор MSI RTX 4060 Ti", "details": {"response_length": 953, "elapsed_seconds": 6.941}}
{"timestamp": 1775678032.745737, "time": "2026-04-09 00:53:52", "action": "command", "success": true, "command": "Характеристики iPad Pro M4", "details": {"response_length": 303, "elapsed_seconds": 8.7}}
{"timestamp": 1775678041.9635458, "time": "2026-04-09 00:54:01", "action": "command", "success": true, "command": "Характеристики Samsung Galaxy Tab S9", "details": {"response_length": 687, "elapsed_seconds": 7.455}}
{"timestamp": 1775678052.6865666, "time": "2026-04-09 00:54:12", "action": "command", "success": true, "command": "Параметры Canon EOS R6 Mark II", "details": {"response_length": 253, "elapsed_seconds": 8.598}}
{"timestamp": 1775678067.6355884, "time": "2026-04-09 00:54:27", "action": "command", "success": true, "command": "Параметры AMD Ryzen 7 7800X3D", "details": {"response_length": 248, "elapsed_seconds": 13.232}}
{"timestamp": 1775678095.9035075, "time": "2026-04-09 00:54:55", "action": "command", "success": true, "command": "Характеристики iPhone 15 Pro Max", "details": {"response_length": 630, "elapsed_seconds": 26.474}}
{"timestamp": 1775678123.9632833, "time": "2026-04-09 00:55:23", "action": "command", "success": true, "command": "Спецификации Logitech G Pro X", "details": {"response_length": 303, "elapsed_seconds": 26.571}}
{"timestamp": 1775678151.559337, "time": "2026-04-09 00:55:51", "action": "command", "success": true, "command": "Обзор Google Pixel 8 Pro", "details": {"response_length": 640, "elapsed_seconds": 26.01}}
{"timestamp": 1775678179.6966066, "time": "2026-04-09 00:56:19", "action": "command", "success": true, "command": "Обзор Sony A7 IV", "details": {"response_length": 2504, "elapsed_seconds": 26.504}}
{"timestamp": 1775678205.3231268, "time": "2026-04-09 00:56:45", "action": "command", "success": true, "command": "Кто написал Войну и мир", "details": {"response_length": 1595, "elapsed_seconds": 24.177}}
{"timestamp": 1775678231.0295014, "time": "2026-04-09 00:57:11", "action": "command", "success": true, "command": "Лучшие бюджетные смартфоны 2025", "details": {"response_length": 1901, "elapsed_seconds": 24.255}}
{"timestamp": 1775678259.6767528, "time": "2026-04-09 00:57:39", "action": "command", "success": true, "command": "Параметры iPad Pro M4", "details": {"response_length": 128, "elapsed_seconds": 26.888}}
{"timestamp": 1775678285.3733501, "time": "2026-04-09 00:58:05", "action": "command", "success": true, "command": "Топ 10 библиотек Python для машинного обучения", "details": {"response_length": 1926, "elapsed_seconds": 24.194}}
{"timestamp": 1775678316.897498, "time": "2026-04-09 00:58:36", "action": "command", "success": true, "command": "характеристики MSI RTX 4060 Ti", "details": {"response_length": 2504, "elapsed_seconds": 29.82}}
{"timestamp": 1775678344.886775, "time": "2026-04-09 00:59:04", "action": "command", "success": true, "command": "Параметры MSI RTX 4060 Ti", "details": {"response_length": 1347, "elapsed_seconds": 26.587}}
{"timestamp": 1775678370.484372, "time": "2026-04-09 00:59:30", "action": "command", "success": true, "command": "Сколько стран в Европе", "details": {"response_length": 1965, "elapsed_seconds": 24.196}}
{"timestamp": 1775678396.1565468, "time": "2026-04-09 00:59:56", "action": "command", "success": true, "command": "Топ 5 IDE для Python разработки", "details": {"response_length": 1969, "elapsed_seconds": 24.187}}
{"timestamp": 1775678422.061222, "time": "2026-04-09 01:00:22", "action": "command", "success": true, "command": "iPhone 15 vs Samsung Galaxy S24", "details": {"response_length": 1915, "elapsed_seconds": 24.518}}
{"timestamp": 1775678453.007692, "time": "2026-04-09 01:00:53", "action": "command", "success": true, "command": "характеристики Sony A7 IV", "details": {"response_length": 2504, "elapsed_seconds": 29.543}}
{"timestamp": 1775678482.197876, "time": "2026-04-09 01:01:22", "action": "command", "success": true, "command": "Спецификации DJI Mini 4 Pro", "details": {"response_length": 2504, "elapsed_seconds": 27.43}}
{"timestamp": 1775678509.7702973, "time": "2026-04-09 01:01:49", "action": "command", "success": true, "command": "Спецификации Nothing Phone 2", "details": {"response_length": 680, "elapsed_seconds": 26.076}}
{"timestamp": 1775678537.4879506, "time": "2026-04-09 01:02:17", "action": "command", "success": true, "command": "Характеристики AMD Radeon RX 7900 XT", "details": {"response_length": 455, "elapsed_seconds": 25.967}}
{"timestamp": 1775678567.1630168, "time": "2026-04-09 01:02:47", "action": "command", "success": true, "command": "Характеристики Intel Arc A770", "details": {"response_length": 305, "elapsed_seconds": 27.923}}
{"timestamp": 1775678592.8288019, "time": "2026-04-09 01:03:12", "action": "command", "success": true, "command": "Какая самая длинная река в мире", "details": {"response_length": 2098, "elapsed_seconds": 24.2}}
{"timestamp": 1775678618.7719665, "time": "2026-04-09 01:03:38", "action": "command", "success": true, "command": "Сколько костей в теле человека", "details": {"response_length": 1769, "elapsed_seconds": 24.278}}
{"timestamp": 1775678647.631639, "time": "2026-04-09 01:04:07", "action": "command", "success": true, "command": "характеристики OnePlus 12", "details": {"response_length": 518, "elapsed_seconds": 27.207}}
{"timestamp": 1775678677.410422, "time": "2026-04-09 01:04:37", "action": "command", "success": true, "command": "Спецификации SteelSeries Arctis Nova 7", "details": {"response_length": 2504, "elapsed_seconds": 28.294}}
{"timestamp": 1775678703.0889723, "time": "2026-04-09 01:05:03", "action": "command", "success": true, "command": "Лучшие бесплатные антивирусы для Linux", "details": {"response_length": 1916, "elapsed_seconds": 24.197}}
{"timestamp": 1775678728.8594658, "time": "2026-04-09 01:05:28", "action": "command", "success": true, "command": "Сколько хромосом у человека", "details": {"response_length": 1839, "elapsed_seconds": 24.204}}
{"timestamp": 1775678754.7182062, "time": "2026-04-09 01:05:54", "action": "command", "success": true, "command": "Что лучше MacBook Air M3 или Dell XPS 13", "details": {"response_length": 2039, "elapsed_seconds": 24.215}}
{"timestamp": 1775678789.3686504, "time": "2026-04-09 01:06:29", "action": "command", "success": true, "command": "характеристики Intel Arc A770", "details": {"response_length": 657, "elapsed_seconds": 33.229}}
{"timestamp": 1775678818.735861, "time": "2026-04-09 01:06:58", "action": "command", "success": true, "command": "Характеристики Sony WH-1000XM4", "details": {"response_length": 2504, "elapsed_seconds": 27.777}}
{"timestamp": 1775678849.7719128, "time": "2026-04-09 01:07:29", "action": "command", "success": true, "command": "Обзор Lenovo ThinkPad X1 Carbon", "details": {"response_length": 2504, "elapsed_seconds": 29.31}}
{"timestamp": 1775678879.9578154, "time": "2026-04-09 01:07:59", "action": "command", "success": true, "command": "Параметры SteelSeries Arctis Nova 7", "details": {"response_length": 2504, "elapsed_seconds": 28.471}}
{"timestamp": 1775678905.832242, "time": "2026-04-09 01:08:25", "action": "command", "success": true, "command": "Лучшие механические клавиатуры 2025", "details": {"response_length": 1953, "elapsed_seconds": 24.195}}
{"timestamp": 1775678931.7299747, "time": "2026-04-09 01:08:51", "action": "command", "success": true, "command": "Какой самый большой остров в мире", "details": {"response_length": 1814, "elapsed_seconds": 24.207}}
{"timestamp": 1775678960.7967422, "time": "2026-04-09 01:09:20", "action": "command", "success": true, "command": "Спецификации JBL Charge 5", "details": {"response_length": 253, "elapsed_seconds": 27.375}}
{"timestamp": 1775678986.6809063, "time": "2026-04-09 01:09:46", "action": "command", "success": true, "command": "В каком году началась Вторая мировая война", "details": {"response_length": 1762, "elapsed_seconds": 24.2}}
{"timestamp": 1775679015.057471, "time": "2026-04-09 01:10:15", "action": "command", "success": true, "command": "Спецификации NVIDIA RTX 4070", "details": {"response_length": 2504, "elapsed_seconds": 26.687}}
{"timestamp": 1775679044.0647721, "time": "2026-04-09 01:10:44", "action": "command", "success": true, "command": "Параметры Realme GT 5 Pro", "details": {"response_length": 737, "elapsed_seconds": 27.297}}
{"timestamp": 1775679072.0966246, "time": "2026-04-09 01:11:12", "action": "command", "success": true, "command": "Обзор iPhone 15 Pro Max", "details": {"response_length": 2504, "elapsed_seconds": 26.369}}
{"timestamp": 1775679100.3225574, "time": "2026-04-09 01:11:40", "action": "command", "success": true, "command": "Спецификации iPhone 15 Pro Max", "details": {"response_length": 628, "elapsed_seconds": 26.535}}
{"timestamp": 1775679127.7942219, "time": "2026-04-09 01:12:07", "action": "command", "success": true, "command": "Обзор процессора Apple M4", "details": {"response_length": 2504, "elapsed_seconds": 25.782}}
{"timestamp": 1775679159.1764288, "time": "2026-04-09 01:12:39", "action": "command", "success": true, "command": "Рейтинг дистрибутивов Linux 2025", "details": {"response_length": 2179, "elapsed_seconds": 29.687}}
{"timestamp": 1775679190.2276366, "time": "2026-04-09 01:13:10", "action": "command", "success": true, "command": "Параметры JBL Charge 5", "details": {"response_length": 254, "elapsed_seconds": 29.401}}
{"timestamp": 1775679216.0660439, "time": "2026-04-09 01:13:36", "action": "command", "success": true, "command": "Что лучше Arch Linux или Ubuntu", "details": {"response_length": 1860, "elapsed_seconds": 24.163}}
{"timestamp": 1775679247.6532667, "time": "2026-04-09 01:14:07", "action": "command", "success": true, "command": "Параметры MacBook Air M3", "details": {"response_length": 1077, "elapsed_seconds": 29.911}}
{"timestamp": 1775679276.8669558, "time": "2026-04-09 01:14:36", "action": "command", "success": true, "command": "Характеристики AMD Ryzen 7 7800X3D", "details": {"response_length": 253, "elapsed_seconds": 27.521}}
{"timestamp": 1775679305.7529068, "time": "2026-04-09 01:15:05", "action": "command", "success": true, "command": "Спецификации Sony WH-1000XM4", "details": {"response_length": 2504, "elapsed_seconds": 27.193}}
{"timestamp": 1775679333.8318708, "time": "2026-04-09 01:15:33", "action": "command", "success": true, "command": "Параметры Logitech G Pro X", "details": {"response_length": 2504, "elapsed_seconds": 26.627}}
{"timestamp": 1775679366.538782, "time": "2026-04-09 01:16:06", "action": "command", "success": true, "command": "Характеристики DJI Mini 4 Pro", "details": {"response_length": 2504, "elapsed_seconds": 31.014}}
{"timestamp": 1775679392.4334633, "time": "2026-04-09 01:16:32", "action": "command", "success": true, "command": "Какой самый большой океан", "details": {"response_length": 1844, "elapsed_seconds": 24.192}}
{"timestamp": 1775679711.3971763, "time": "2026-04-09 01:21:51", "action": "command", "success": true, "command": "Характеристики Sony A7 IV", "details": {"response_length": 2504, "elapsed_seconds": 317.275}}
{"timestamp": 1775679739.7710462, "time": "2026-04-09 01:22:19", "action": "command", "success": true, "command": "Характеристики AirPods Pro 2", "details": {"response_length": 341, "elapsed_seconds": 26.69}}
{"timestamp": 1775679854.5873902, "time": "2026-04-09 01:24:14", "action": "command", "success": true, "command": "Какой химический символ золота", "details": {"response_length": 43, "elapsed_seconds": 113.058}}
{"timestamp": 1775679885.0624838, "time": "2026-04-09 01:24:45", "action": "command", "success": true, "command": "характеристики Canon EOS R6 Mark II", "details": {"response_length": 293, "elapsed_seconds": 27.267}}
{"timestamp": 1775679913.3112798, "time": "2026-04-09 01:25:13", "action": "command", "success": true, "command": "Параметры AirPods Pro 2", "details": {"response_length": 331, "elapsed_seconds": 26.564}}
{"timestamp": 1775679939.2755806, "time": "2026-04-09 01:25:39", "action": "command", "success": true, "command": "Рейтинг лучших наушников с шумоподавлением 2025", "details": {"response_length": 1962, "elapsed_seconds": 24.222}}
{"timestamp": 1775679967.320273, "time": "2026-04-09 01:26:07", "action": "command", "success": true, "command": "Параметры Samsung Galaxy S24 Ultra", "details": {"response_length": 872, "elapsed_seconds": 26.355}}
{"timestamp": 1775679996.9886787, "time": "2026-04-09 01:26:36", "action": "command", "success": true, "command": "характеристики Sony WH-1000XM4", "details": {"response_length": 2504, "elapsed_seconds": 27.939}}
{"timestamp": 1775680025.3700683, "time": "2026-04-09 01:27:05", "action": "command", "success": true, "command": "Параметры Nothing Phone 2", "details": {"response_length": 660, "elapsed_seconds": 26.569}}
{"timestamp": 1775680051.6756265, "time": "2026-04-09 01:27:31", "action": "command", "success": true, "command": "В каком году основана Москва", "details": {"response_length": 1805, "elapsed_seconds": 24.572}}
{"timestamp": 1775680081.1261468, "time": "2026-04-09 01:28:01", "action": "command", "success": true, "command": "Обзор Intel Arc A770", "details": {"response_length": 204, "elapsed_seconds": 27.756}}
{"timestamp": 1775680107.4495962, "time": "2026-04-09 01:28:27", "action": "command", "success": true, "command": "Сравни RTX 4070 и RX 7800 XT", "details": {"response_length": 2027, "elapsed_seconds": 24.75}}
{"timestamp": 1775680138.5546465, "time": "2026-04-09 01:28:58", "action": "command", "success": true, "command": "Спецификации ASUS ROG Strix G16", "details": {"response_length": 839, "elapsed_seconds": 29.402}}
{"timestamp": 1775680169.76235, "time": "2026-04-09 01:29:29", "action": "command", "success": true, "command": "Обзор AirPods Pro 2", "details": {"response_length": 343, "elapsed_seconds": 29.426}}
{"timestamp": 1775680197.8165445, "time": "2026-04-09 01:29:57", "action": "command", "success": true, "command": "Спецификации OnePlus 12", "details": {"response_length": 516, "elapsed_seconds": 26.427}}
{"timestamp": 1775680223.5860026, "time": "2026-04-09 01:30:23", "action": "command", "success": true, "command": "Сравни MacBook Air M3 и Dell XPS 13", "details": {"response_length": 2057, "elapsed_seconds": 24.224}}
{"timestamp": 1775680255.8758752, "time": "2026-04-09 01:30:55", "action": "command", "success": true, "command": "Параметры Lenovo ThinkPad X1 Carbon", "details": {"response_length": 495, "elapsed_seconds": 30.618}}
{"timestamp": 1775680283.9419687, "time": "2026-04-09 01:31:23", "action": "command", "success": true, "command": "характеристики AirPods Pro 2", "details": {"response_length": 341, "elapsed_seconds": 26.518}}
{"timestamp": 1775680309.918103, "time": "2026-04-09 01:31:49", "action": "command", "success": true, "command": "MacBook Air M3 vs Dell XPS 13", "details": {"response_length": 2111, "elapsed_seconds": 24.292}}
{"timestamp": 1775680339.7787716, "time": "2026-04-09 01:32:19", "action": "command", "success": true, "command": "Параметры Intel Core i7-13700K", "details": {"response_length": 367, "elapsed_seconds": 28.16}}
{"timestamp": 1775680367.7524483, "time": "2026-04-09 01:32:47", "action": "command", "success": true, "command": "Характеристики HyperX Cloud III", "details": {"response_length": 331, "elapsed_seconds": 26.244}}
{"timestamp": 1775680399.6434724, "time": "2026-04-09 01:33:19", "action": "command", "success": true, "command": "Характеристики Lenovo ThinkPad X1 Carbon", "details": {"response_length": 668, "elapsed_seconds": 30.16}}
{"timestamp": 1775680427.7151353, "time": "2026-04-09 01:33:47", "action": "command", "success": true, "command": "Характеристики Nothing Phone 2", "details": {"response_length": 635, "elapsed_seconds": 26.328}}
{"timestamp": 1775680455.5949605, "time": "2026-04-09 01:34:15", "action": "command", "success": true, "command": "характеристики JBL Charge 5", "details": {"response_length": 2504, "elapsed_seconds": 26.243}}
{"timestamp": 1775680483.685266, "time": "2026-04-09 01:34:43", "action": "command", "success": true, "command": "Спецификации Google Pixel 8 Pro", "details": {"response_length": 756, "elapsed_seconds": 26.386}}
{"timestamp": 1775707603.6894407, "time": "2026-04-09 09:06:43", "action": "command", "success": true, "command": "Привет", "details": {"response_length": 19, "elapsed_seconds": 19.924}}
{"timestamp": 1775707703.6356587, "time": "2026-04-09 09:08:23", "action": "command", "success": true, "command": "Найди характеристики AMD Ryzen 7 5825U", "details": {"response_length": 1808, "elapsed_seconds": 80.88}}
{"timestamp": 1775708149.8448007, "time": "2026-04-09 09:15:49", "action": "command", "success": true, "command": "характеристики AMD Ryzen 7 5825U", "details": {"response_length": 2504, "elapsed_seconds": 19.996}}
{"timestamp": 1775708226.201829, "time": "2026-04-09 09:17:06", "action": "command", "success": true, "command": "характеристики AMD Ryzen 7 5825U", "details": {"response_length": 2091, "elapsed_seconds": 22.75}}
{"timestamp": 1775708286.2101383, "time": "2026-04-09 09:18:06", "action": "command", "success": true, "command": "характеристики AMD Ryzen 7 5825U", "details": {"response_length": 266, "elapsed_seconds": 24.05}}
{"timestamp": 1775708337.325725, "time": "2026-04-09 09:18:57", "action": "command", "success": true, "command": "характеристики AMD Ryzen 7 5825U", "details": {"response_length": 273, "elapsed_seconds": 17.37}}
{"timestamp": 1775708366.0792851, "time": "2026-04-09 09:19:26", "action": "command", "success": true, "command": "характеристики AMD Ryzen 7 5825U", "details": {"response_length": 335, "elapsed_seconds": 18.424}}
{"timestamp": 1775708396.5142484, "time": "2026-04-09 09:19:56", "action": "command", "success": true, "command": "характеристики AMD Ryzen 7 5825U", "details": {"response_length": 320, "elapsed_seconds": 12.781}}
{"timestamp": 1775709152.6384022, "time": "2026-04-09 09:32:32", "action": "command", "success": true, "command": "Найди характеристики AMD Ryzen 7 5825U", "details": {"response_length": 327, "elapsed_seconds": 7.168}}
{"timestamp": 1775709808.880614, "time": "2026-04-09 09:43:28", "action": "command", "success": true, "command": "Что такое Docker и зачем он нужен?", "details": {"response_length": 1841, "elapsed_seconds": 1.832}}
{"timestamp": 1775709931.352825, "time": "2026-04-09 09:45:31", "action": "command", "success": true, "command": "Что такое Docker и зачем он нужен?", "details": {"response_length": 2504, "elapsed_seconds": 7.996}}
{"timestamp": 1775709974.270146, "time": "2026-04-09 09:46:14", "action": "command", "success": true, "command": "Сколько планет в Солнечной системе?", "details": {"response_length": 1535, "elapsed_seconds": 2.082}}
{"timestamp": 1775710077.5905457, "time": "2026-04-09 09:47:57", "action": "command", "success": true, "command": "Как установить Node.js на Linux?", "details": {"response_length": 1076, "elapsed_seconds": 24.699}}
{"timestamp": 1775710122.2972095, "time": "2026-04-09 09:48:42", "action": "command", "success": true, "command": "Как установить Node.js на Linux?", "details": {"response_length": 1069, "elapsed_seconds": 13.772}}
{"timestamp": 1775710347.8620806, "time": "2026-04-09 09:52:27", "action": "command", "success": true, "command": "Как установить Node.js на Linux?", "details": {"response_length": 1076, "elapsed_seconds": 32.85}}
{"timestamp": 1775710561.7079132, "time": "2026-04-09 09:56:01", "action": "command", "success": true, "command": "Как установить Node.js на Linux?", "details": {"response_length": 1075, "elapsed_seconds": 13.614}}
{"timestamp": 1775710950.5476022, "time": "2026-04-09 10:02:30", "action": "command", "success": true, "command": "Как установить Node.js на Linux?", "details": {"response_length": 1075, "elapsed_seconds": 26.682}}
{"timestamp": 1775711004.2074668, "time": "2026-04-09 10:03:24", "action": "command", "success": true, "command": "Как установить Node.js на Linux?", "details": {"response_length": 1286, "elapsed_seconds": 1.879}}
{"timestamp": 1775711042.7523472, "time": "2026-04-09 10:04:02", "action": "command", "success": true, "command": "Сравни Python и JavaScript", "details": {"response_length": 1925, "elapsed_seconds": 1.756}}
{"timestamp": 1775711088.415043, "time": "2026-04-09 10:04:48", "action": "command", "success": true, "command": "Кто написал Войну и мир?", "details": {"response_length": 1596, "elapsed_seconds": 1.769}}
{"timestamp": 1775711163.4692929, "time": "2026-04-09 10:06:03", "action": "command", "success": true, "command": "Какая столица Австралии?", "details": {"response_length": 9, "elapsed_seconds": 21.371}}
{"timestamp": 1775711173.1354449, "time": "2026-04-09 10:06:13", "action": "command", "success": true, "command": "Найди характеристики iPhone 15 Pro", "details": {"response_length": 612, "elapsed_seconds": 7.688}}
{"timestamp": 1775711176.989572, "time": "2026-04-09 10:06:16", "action": "command", "success": true, "command": "Чем отличается SSD от HDD?", "details": {"response_length": 1951, "elapsed_seconds": 1.702}}
{"timestamp": 1775711197.0994985, "time": "2026-04-09 10:06:37", "action": "command", "success": true, "command": "Когда вышла Windows 11?", "details": {"response_length": 1740, "elapsed_seconds": 17.951}}
{"timestamp": 1775711200.7898068, "time": "2026-04-09 10:06:40", "action": "command", "success": true, "command": "Что лучше Arch Linux или Ubuntu?", "details": {"response_length": 1511, "elapsed_seconds": 1.565}}
{"timestamp": 1775711204.8155963, "time": "2026-04-09 10:06:44", "action": "command", "success": true, "command": "Расскажи про Kotlin", "details": {"response_length": 1703, "elapsed_seconds": 1.771}}
{"timestamp": 1775711209.3675814, "time": "2026-04-09 10:06:49", "action": "command", "success": true, "command": "В каком году человек впервые полетел в космос?", "details": {"response_length": 1561, "elapsed_seconds": 2.418}}
{"timestamp": 1775711216.5910835, "time": "2026-04-09 10:06:56", "action": "command", "success": true, "command": "Найди характеристики NVIDIA RTX 4070", "details": {"response_length": 2504, "elapsed_seconds": 5.084}}
{"timestamp": 1775711221.5418978, "time": "2026-04-09 10:07:01", "action": "command", "success": true, "command": "Сколько костей в теле человека?", "details": {"response_length": 1770, "elapsed_seconds": 2.806}}
{"timestamp": 1775711227.26451, "time": "2026-04-09 10:07:07", "action": "command", "success": true, "command": "Как настроить Git на Linux?", "details": {"response_length": 2050, "elapsed_seconds": 3.594}}
{"timestamp": 1775711246.542621, "time": "2026-04-09 10:07:26", "action": "command", "success": true, "command": "Какой самый быстрый процессор в 2024 году?", "details": {"response_length": 2120, "elapsed_seconds": 17.113}}
{"timestamp": 1775711250.703078, "time": "2026-04-09 10:07:30", "action": "command", "success": true, "command": "Кто создал Linux?", "details": {"response_length": 1830, "elapsed_seconds": 2.006}}
{"timestamp": 1775711354.44559, "time": "2026-04-09 10:09:14", "action": "command", "success": true, "command": "Найди характеристики Samsung Galaxy S24 Ultra", "details": {"response_length": 851, "elapsed_seconds": 12.831}}
{"timestamp": 1775711378.0880775, "time": "2026-04-09 10:09:38", "action": "command", "success": true, "command": "2+2*3", "details": {"response_length": 407, "elapsed_seconds": 21.09}}
{"timestamp": 1775711936.0996926, "time": "2026-04-09 10:18:56", "action": "command", "success": true, "command": "2+2*3", "details": {"response_length": 407, "elapsed_seconds": 20.812}}
{"timestamp": 1775712039.8386035, "time": "2026-04-09 10:20:39", "action": "command", "success": true, "command": "Какая столица Австралии?", "details": {"response_length": 1747, "elapsed_seconds": 15.397}}
{"timestamp": 1775712046.8769538, "time": "2026-04-09 10:20:46", "action": "command", "success": true, "command": "Что нового в Python 3.12?", "details": {"response_length": 239, "elapsed_seconds": 4.843}}
{"timestamp": 1775712053.2589295, "time": "2026-04-09 10:20:53", "action": "command", "success": true, "command": "Когда основан Google?", "details": {"response_length": 1896, "elapsed_seconds": 4.135}}
{"timestamp": 1775712058.601255, "time": "2026-04-09 10:20:58", "action": "command", "success": true, "command": "Сколько людей живёт на Земле?", "details": {"response_length": 1729, "elapsed_seconds": 3.182}}
{"timestamp": 1775712066.546411, "time": "2026-04-09 10:21:06", "action": "command", "success": true, "command": "Найди характеристики MacBook Air M3", "details": {"response_length": 801, "elapsed_seconds": 5.774}}
{"timestamp": 1775712072.4074345, "time": "2026-04-09 10:21:12", "action": "command", "success": true, "command": "Чем отличается TCP от UDP?", "details": {"response_length": 1886, "elapsed_seconds": 3.693}}
{"timestamp": 1775712100.8842824, "time": "2026-04-09 10:21:40", "action": "command", "success": true, "command": "Что такое Kubernetes?", "details": {"response_length": 2494, "elapsed_seconds": 26.335}}
{"timestamp": 1775712107.1481345, "time": "2026-04-09 10:21:47", "action": "command", "success": true, "command": "Кто изобрёл телефон?", "details": {"response_length": 1678, "elapsed_seconds": 3.908}}
{"timestamp": 1775712118.4606867, "time": "2026-04-09 10:21:58", "action": "command", "success": true, "command": "Как обновить систему в Arch Linux?", "details": {"response_length": 1629, "elapsed_seconds": 9.157}}
{"timestamp": 1775712124.1497495, "time": "2026-04-09 10:22:04", "action": "command", "success": true, "command": "Топ 5 языков программирования 2024", "details": {"response_length": 1982, "elapsed_seconds": 3.345}}
{"timestamp": 1775712134.4107172, "time": "2026-04-09 10:22:14", "action": "command", "success": true, "command": "Найди характеристики Xiaomi 14 Ultra", "details": {"response_length": 717, "elapsed_seconds": 7.787}}
{"timestamp": 1775712140.2971222, "time": "2026-04-09 10:22:20", "action": "command", "success": true, "command": "Что лучше React или Vue?", "details": {"response_length": 1982, "elapsed_seconds": 3.662}}
{"timestamp": 1775712145.8259568, "time": "2026-04-09 10:22:25", "action": "command", "success": true, "command": "В каком году упал Тунгусский метеорит?", "details": {"response_length": 1753, "elapsed_seconds": 3.453}}
{"timestamp": 1775712153.7376995, "time": "2026-04-09 10:22:33", "action": "command", "success": true, "command": "Расскажи про Rust язык программирования", "details": {"response_length": 2504, "elapsed_seconds": 5.865}}
{"timestamp": 1775712166.1385612, "time": "2026-04-09 10:22:46", "action": "command", "success": true, "command": "Какая самая длинная река в мире?", "details": {"response_length": 2099, "elapsed_seconds": 10.334}}
{"timestamp": 1775712174.6388073, "time": "2026-04-09 10:22:54", "action": "command", "success": true, "command": "Найди характеристики PlayStation 5", "details": {"response_length": 2504, "elapsed_seconds": 6.436}}
{"timestamp": 1775712180.0003233, "time": "2026-04-09 10:22:59", "action": "command", "success": true, "command": "Как удалить пакет в pacman?", "details": {"response_length": 1875, "elapsed_seconds": 3.296}}
{"timestamp": 1775712186.2094314, "time": "2026-04-09 10:23:06", "action": "command", "success": true, "command": "Сколько весит МКС?", "details": {"response_length": 1849, "elapsed_seconds": 3.995}}
{"timestamp": 1775712227.472969, "time": "2026-04-09 10:23:47", "action": "command", "success": true, "command": "Что такое GraphQL?", "details": {"response_length": 1821, "elapsed_seconds": 39.15}}
{"timestamp": 1775712254.3850827, "time": "2026-04-09 10:24:14", "action": "command", "success": true, "command": "Кто создал Python?", "details": {"response_length": 1790, "elapsed_seconds": 24.774}}
{"timestamp": 1775712280.9449587, "time": "2026-04-09 10:24:40", "action": "command", "success": true, "command": "Как настроить SSH ключи?", "details": {"response_length": 1844, "elapsed_seconds": 24.465}}
{"timestamp": 1775712312.4743967, "time": "2026-04-09 10:25:12", "action": "command", "success": true, "command": "Найди характеристики Intel Core i9-14900K", "details": {"response_length": 437, "elapsed_seconds": 29.351}}
{"timestamp": 1775712339.2644148, "time": "2026-04-09 10:25:39", "action": "command", "success": true, "command": "Что лучше NVMe или SATA SSD?", "details": {"response_length": 2054, "elapsed_seconds": 24.668}}
{"timestamp": 1775712450.3606186, "time": "2026-04-09 10:27:30", "action": "command", "success": true, "command": "Расскажи про TypeScript", "details": {"response_length": 1732, "elapsed_seconds": 24.446}}
{"timestamp": 1775712544.6833205, "time": "2026-04-09 10:29:04", "action": "command", "success": true, "command": "Какая самая высокая гора в мире?", "details": {"response_length": 1908, "elapsed_seconds": 24.515}}
{"timestamp": 1775712574.2735915, "time": "2026-04-09 10:29:34", "action": "command", "success": true, "command": "Найди характеристики Tecno Spark 20 Pro+", "details": {"response_length": 805, "elapsed_seconds": 27.329}}
{"timestamp": 1775712600.904054, "time": "2026-04-09 10:30:00", "action": "command", "success": true, "command": "Чем отличается HTTP от HTTPS?", "details": {"response_length": 1708, "elapsed_seconds": 24.477}}
{"timestamp": 1775712627.4549742, "time": "2026-04-09 10:30:27", "action": "command", "success": true, "command": "Кто написал Гарри Поттера?", "details": {"response_length": 1791, "elapsed_seconds": 24.282}}
{"timestamp": 1775712659.1917431, "time": "2026-04-09 10:30:59", "action": "command", "success": true, "command": "Что такое REST API?", "details": {"response_length": 2355, "elapsed_seconds": 29.346}}
{"timestamp": 1775712684.3437319, "time": "2026-04-09 10:31:24", "action": "command", "success": true, "command": "Как включить Bluetooth в Linux?", "details": {"response_length": 19, "elapsed_seconds": 22.992}}
{"timestamp": 1775713085.9588804, "time": "2026-04-09 10:38:05", "action": "command", "success": true, "command": "Привет", "details": {"response_length": 32, "elapsed_seconds": 18.196}}
{"timestamp": 1775713146.9971795, "time": "2026-04-09 10:39:06", "action": "command", "success": true, "command": "Какая диагональ монитора?", "details": {"response_length": 407, "elapsed_seconds": 0.82}}
{"timestamp": 1775713293.5351942, "time": "2026-04-09 10:41:33", "action": "command", "success": true, "command": "Какая диагональ у Samsung Galaxy S24 Ultra", "details": {"response_length": 279, "elapsed_seconds": 114.114}}
{"timestamp": 1775713896.6629567, "time": "2026-04-09 10:51:36", "action": "command", "success": true, "command": "Какая диагональ монитора?", "details": {"response_length": 1392, "elapsed_seconds": 0.066}}
{"timestamp": 1775714157.823606, "time": "2026-04-09 10:55:57", "action": "command", "success": true, "command": "Какая диагональ монитора?", "details": {"response_length": 1392, "elapsed_seconds": 0.06}}
{"timestamp": 1775714157.8779848, "time": "2026-04-09 10:55:57", "action": "command", "success": true, "command": "Какая диагональ у Samsung Galaxy S24 Ultra", "details": {"response_length": 1392, "elapsed_seconds": 0.048}}
{"timestamp": 1775714175.2904482, "time": "2026-04-09 10:56:15", "action": "command", "success": true, "command": "Какая диагональ монитора?", "details": {"response_length": 1392, "elapsed_seconds": 0.051}}
{"timestamp": 1775714177.8944197, "time": "2026-04-09 10:56:17", "action": "command", "success": true, "command": "Какая диагональ у Samsung Galaxy S24 Ultra", "details": {"response_length": 1392, "elapsed_seconds": 0.057}}
{"timestamp": 1775714209.6876292, "time": "2026-04-09 10:56:49", "action": "command", "success": true, "command": "Какая диагональ монитора?", "details": {"response_length": 1392, "elapsed_seconds": 0.061}}
{"timestamp": 1775714237.1550567, "time": "2026-04-09 10:57:17", "action": "command", "success": true, "command": "Какая диагональ у Samsung Galaxy S24 Ultra", "details": {"response_length": 1839, "elapsed_seconds": 24.889}}
{"timestamp": 1776667096.2003155, "time": "2026-04-20 11:38:16", "action": "command", "success": true, "command": "Привет", "details": {"response_length": 60, "elapsed_seconds": 41.8}}
{"timestamp": 1776667262.0467935, "time": "2026-04-20 11:41:02", "action": "command", "success": true, "command": "Здорова", "details": {"response_length": 24, "elapsed_seconds": 35.438}}
{"timestamp": 1776667394.4579053, "time": "2026-04-20 11:43:14", "action": "command", "success": true, "command": "Здорова", "details": {"response_length": 99, "elapsed_seconds": 42.23}}
{"timestamp": 1776667529.091565, "time": "2026-04-20 11:45:29", "action": "command", "success": true, "command": "найди отличие DDR4 от DDR5", "details": {"response_length": 2504, "elapsed_seconds": 38.844}}
{"timestamp": 1776667644.018695, "time": "2026-04-20 11:47:24", "action": "command", "success": true, "command": "Продолжи", "details": {"response_length": 28, "elapsed_seconds": 41.177}}
{"timestamp": 1776667738.7962847, "time": "2026-04-20 11:48:58", "action": "command", "success": true, "command": "Mini model", "details": {"response_length": 41, "elapsed_seconds": 42.644}}
{"timestamp": 1776667805.0882788, "time": "2026-04-20 11:50:05", "action": "command", "success": true, "command": "Какая у меня система", "details": {"response_length": 187, "elapsed_seconds": 49.836}}
